[0.024s] Invoking command in '/workspace/build/acados': /usr/bin/cmake /workspace/src/acados -DCMAKE_BUILD_TYPE=RelWithDebInfo -DPYTHON_VERSION=3 -DCMAKE_INSTALL_PREFIX=/workspace/install/RelWithDebInfo/acados
[0.119s] -- The C compiler identification is GNU 11.4.0
[0.201s] -- The CXX compiler identification is GNU 11.4.0
[0.212s] -- Detecting C compiler ABI info
[0.315s] -- Detecting C compiler ABI info - done
[0.332s] -- Check for working C compiler: /usr/bin/cc - skipped
[0.333s] -- Detecting C compile features
[0.333s] -- Detecting C compile features - done
[0.338s] -- Detecting CXX compiler ABI info
[0.477s] -- Detecting CXX compiler ABI info - done
[0.493s] -- Check for working CXX compiler: /usr/bin/c++ - skipped
[0.493s] -- Detecting CXX compile features
[0.494s] -- Detecting CXX compile features - done
[0.496s] -- Build type is RelWithDebInfo
[0.496s] -- ACADOS_WITH_OPENMP: OFF
[0.508s] [0mCMake Deprecation Warning at external/blasfeo/CMakeLists.txt:36 (cmake_minimum_required):
[0.509s]   Compatibility with CMake < 2.8.12 will be removed from a future version of
[0.509s]   CMake.
[0.509s] 
[0.510s]   Update the VERSION argument <min> value or use a ...<max> suffix to tell
[0.510s]   CMake that the project does not need compatibility with older versions.
[0.510s] 
[0.510s] [0m
[0.540s] -- The ASM compiler identification is GNU
[0.550s] -- Found assembler: /usr/bin/cc
[0.559s] -- Using linear algebra: HIGH_PERFORMANCE
[0.560s] -- Using matrix format: PANELMAJ
[0.561s] -- Using external BLAS: 0
[1.048s] -- Testing target X64_INTEL_HASWELL: assembly compilation [success]
[1.049s] -- Testing target X64_INTEL_HASWELL: assembly run [success]
[1.507s] -- Testing target X64_INTEL_HASWELL: intrinsic compilation [success]
[1.508s] -- Testing target X64_INTEL_HASWELL: intrinsic run [success]
[1.508s] -- Detected target X64_INTEL_HASWELL
[1.524s] [0mCMake Deprecation Warning at external/hpipm/CMakeLists.txt:36 (cmake_minimum_required):
[1.524s]   Compatibility with CMake < 2.8.12 will be removed from a future version of
[1.525s]   CMake.
[1.525s] 
[1.525s]   Update the VERSION argument <min> value or use a ...<max> suffix to tell
[1.525s]   CMake that the project does not need compatibility with older versions.
[1.525s] 
[1.525s] [0m
[1.530s] -- HPIPM Target is GENERIC
[1.534s] -- Using BLASFEO path: 
[1.534s] -- Installation directory: /workspace/install/RelWithDebInfo/acados
[1.534s] --  
[1.534s] -- Target: BLASFEO is X64_AUTOMATIC, HPIPM is GENERIC
[1.534s] -- Linear algebra: HIGH_PERFORMANCE
[1.534s] -- Octave MEX (OFF)
[1.534s] -- System name:version Linux:6.11.0-26-generic
[1.534s] -- Build type is RelWithDebInfo
[1.534s] -- Installation directory is /workspace/install/RelWithDebInfo/acados
[1.535s] -- OpenMP parallelization is OFF
[1.535s] --  
[1.535s] -- Configuring done
[1.602s] -- Generating done
[1.605s] [33mCMake Warning:
[1.605s]   Manually-specified variables were not used by the project:
[1.605s] 
[1.605s]     PYTHON_VERSION
[1.605s] 
[1.606s] [0m
[1.615s] -- Build files have been written to: /workspace/build/acados
[1.626s] Invoked command in '/workspace/build/acados' returned '0': /usr/bin/cmake /workspace/src/acados -DCMAKE_BUILD_TYPE=RelWithDebInfo -DPYTHON_VERSION=3 -DCMAKE_INSTALL_PREFIX=/workspace/install/RelWithDebInfo/acados
[1.627s] Invoking command in '/workspace/build/acados': /usr/bin/cmake --build /workspace/build/acados -- -j12 -l12
[1.677s] [35m[1mScanning dependencies of target blasfeo[0m
[1.721s] [  0%] [32mBuilding C object external/blasfeo/CMakeFiles/blasfeo.dir/auxiliary/blasfeo_processor_features.c.o[0m
[1.721s] [  0%] [32mBuilding C object external/blasfeo/CMakeFiles/blasfeo.dir/auxiliary/blasfeo_stdlib.c.o[0m
[1.725s] [  1%] [32mBuilding C object external/blasfeo/CMakeFiles/blasfeo.dir/auxiliary/d_aux_common.c.o[0m
[1.727s] [  1%] [32mBuilding C object external/blasfeo/CMakeFiles/blasfeo.dir/auxiliary/memory.c.o[0m
[1.739s] [  1%] [32mBuilding C object external/blasfeo/CMakeFiles/blasfeo.dir/kernel/avx/kernel_dgecp_lib4.c.o[0m
[1.739s] [  2%] [32mBuilding ASM object external/blasfeo/CMakeFiles/blasfeo.dir/kernel/avx/kernel_dgetr_lib.S.o[0m
[1.740s] [  3%] [32mBuilding C object external/blasfeo/CMakeFiles/blasfeo.dir/kernel/avx/kernel_dgemm_diag_lib4.c.o[0m
[1.742s] [  3%] [32mBuilding C object external/blasfeo/CMakeFiles/blasfeo.dir/kernel/avx/kernel_dgeqrf_4_lib4.c.o[0m
[1.747s] [  4%] [32mBuilding C object external/blasfeo/CMakeFiles/blasfeo.dir/auxiliary/s_aux_common.c.o[0m
[1.751s] [  4%] [32mBuilding ASM object external/blasfeo/CMakeFiles/blasfeo.dir/kernel/avx/kernel_dpack_lib4.S.o[0m
[1.757s] [  4%] [32mBuilding ASM object external/blasfeo/CMakeFiles/blasfeo.dir/kernel/avx/kernel_sgead_lib8.S.o[0m
[1.762s] [  4%] [32mBuilding ASM object external/blasfeo/CMakeFiles/blasfeo.dir/kernel/avx/kernel_d_aux_lib.S.o[0m
[1.813s] [  5%] [32mBuilding ASM object external/blasfeo/CMakeFiles/blasfeo.dir/kernel/avx/kernel_sgecpsc_lib8.S.o[0m
[1.830s] [  5%] [32mBuilding C object external/blasfeo/CMakeFiles/blasfeo.dir/kernel/avx/kernel_sgemm_diag_lib8.c.o[0m
[1.844s] [  5%] [32mBuilding ASM object external/blasfeo/CMakeFiles/blasfeo.dir/kernel/avx/kernel_sgemv_4_lib8.S.o[0m
[1.845s] [  6%] [32mBuilding ASM object external/blasfeo/CMakeFiles/blasfeo.dir/kernel/avx/kernel_sgemv_8_lib8.S.o[0m
[1.860s] [  6%] [32mBuilding ASM object external/blasfeo/CMakeFiles/blasfeo.dir/kernel/avx/kernel_sgetr_lib8.S.o[0m
[1.878s] [  7%] [32mBuilding ASM object external/blasfeo/CMakeFiles/blasfeo.dir/kernel/avx/kernel_spack_lib8.S.o[0m
[1.891s] [  7%] [32mBuilding ASM object external/blasfeo/CMakeFiles/blasfeo.dir/kernel/avx2/kernel_dgebp_lib4.S.o[0m
[1.898s] [  7%] [32mBuilding ASM object external/blasfeo/CMakeFiles/blasfeo.dir/kernel/avx2/kernel_dgelqf_4_lib4.S.o[0m
[1.904s] [  8%] [32mBuilding ASM object external/blasfeo/CMakeFiles/blasfeo.dir/kernel/avx2/kernel_dgemm_12x4_lib4.S.o[0m
[1.907s] [  8%] [32mBuilding ASM object external/blasfeo/CMakeFiles/blasfeo.dir/kernel/avx2/kernel_dgemm_4x4_lib4.S.o[0m
[1.922s] [  9%] [32mBuilding ASM object external/blasfeo/CMakeFiles/blasfeo.dir/kernel/avx2/kernel_dgemm_8x4_lib4.S.o[0m
[1.929s] [  9%] [32mBuilding ASM object external/blasfeo/CMakeFiles/blasfeo.dir/kernel/avx2/kernel_dgemm_8x8_lib4.S.o[0m
[1.956s] [ 10%] [32mBuilding ASM object external/blasfeo/CMakeFiles/blasfeo.dir/kernel/avx2/kernel_dgemv_8_lib4.S.o[0m
[1.956s] [ 10%] [32mBuilding ASM object external/blasfeo/CMakeFiles/blasfeo.dir/kernel/avx2/kernel_dgemv_4_lib4.S.o[0m
[1.994s] [ 10%] [32mBuilding ASM object external/blasfeo/CMakeFiles/blasfeo.dir/kernel/avx2/kernel_dger_lib4.S.o[0m
[2.018s] [ 10%] [32mBuilding C object external/blasfeo/CMakeFiles/blasfeo.dir/kernel/avx2/kernel_dgetrf_pivot_lib4.c.o[0m
[2.020s] [ 11%] [32mBuilding C object external/blasfeo/CMakeFiles/blasfeo.dir/kernel/avx2/kernel_dgetr_lib4.c.o[0m
[2.020s] [ 11%] [32mBuilding ASM object external/blasfeo/CMakeFiles/blasfeo.dir/kernel/avx2/kernel_dsymv_6_lib4.S.o[0m
[2.045s] [ 11%] [32mBuilding ASM object external/blasfeo/CMakeFiles/blasfeo.dir/kernel/avx2/kernel_sgemm_8x4_lib8.S.o[0m
[2.056s] [ 12%] [32mBuilding ASM object external/blasfeo/CMakeFiles/blasfeo.dir/kernel/avx2/kernel_sgemm_16x4_lib8.S.o[0m
[2.056s] [ 12%] [32mBuilding ASM object external/blasfeo/CMakeFiles/blasfeo.dir/kernel/avx2/kernel_sgemm_24x4_lib8.S.o[0m
[2.095s] [ 12%] [32mBuilding C object external/blasfeo/CMakeFiles/blasfeo.dir/kernel/generic/kernel_daxpy_lib.c.o[0m
[2.102s] [ 13%] [32mBuilding ASM object external/blasfeo/CMakeFiles/blasfeo.dir/kernel/avx2/kernel_sgemm_8x8_lib8.S.o[0m
[2.116s] [ 14%] [32mBuilding C object external/blasfeo/CMakeFiles/blasfeo.dir/kernel/generic/kernel_ddot_lib.c.o[0m
[2.138s] [ 14%] [32mBuilding C object external/blasfeo/CMakeFiles/blasfeo.dir/kernel/generic/kernel_dger_lib4.c.o[0m
[2.141s] [ 14%] [32mBuilding C object external/blasfeo/CMakeFiles/blasfeo.dir/kernel/generic/kernel_dgemv_4_lib4.c.o[0m
[2.168s] [ 15%] [32mBuilding C object external/blasfeo/CMakeFiles/blasfeo.dir/kernel/generic/kernel_dpack_buffer_lib4.c.o[0m
[2.176s] [ 15%] [32mBuilding C object external/blasfeo/CMakeFiles/blasfeo.dir/kernel/generic/kernel_dsymv_4_lib4.c.o[0m
[2.196s] [ 16%] [32mBuilding C object external/blasfeo/CMakeFiles/blasfeo.dir/kernel/generic/kernel_saxpy_lib.c.o[0m
[2.210s] [ 16%] [32mBuilding C object external/blasfeo/CMakeFiles/blasfeo.dir/kernel/generic/kernel_sdot_lib.c.o[0m
[2.236s] [ 16%] [32mBuilding C object external/blasfeo/CMakeFiles/blasfeo.dir/kernel/generic/kernel_sgemm_4x4_lib4.c.o[0m
[2.265s] [ 17%] [32mBuilding C object external/blasfeo/CMakeFiles/blasfeo.dir/kernel/generic/kernel_sgemm_8x4_lib8.c.o[0m
[2.294s] [ 17%] [32mBuilding C object external/blasfeo/CMakeFiles/blasfeo.dir/kernel/generic/kernel_spack_lib4.c.o[0m
[2.333s] [ 18%] [32mBuilding ASM object external/blasfeo/CMakeFiles/blasfeo.dir/kernel/sse3/kernel_align_x64.S.o[0m
[2.393s] [ 18%] [32mBuilding C object external/blasfeo/CMakeFiles/blasfeo.dir/auxiliary/d_aux_lib4.c.o[0m
[2.417s] [ 18%] [32mBuilding C object external/blasfeo/CMakeFiles/blasfeo.dir/auxiliary/m_aux_lib48.c.o[0m
[2.487s] [ 19%] [32mBuilding C object external/blasfeo/CMakeFiles/blasfeo.dir/auxiliary/s_aux_lib8.c.o[0m
[2.646s] [ 19%] [32mBuilding C object external/blasfeo/CMakeFiles/blasfeo.dir/blasfeo_hp_pm/d_blas1_lib4.c.o[0m
[2.905s] [ 20%] [32mBuilding C object external/blasfeo/CMakeFiles/blasfeo.dir/blasfeo_hp_pm/d_blas2_diag_lib.c.o[0m
[3.274s] [ 20%] [32mBuilding C object external/blasfeo/CMakeFiles/blasfeo.dir/blasfeo_hp_pm/d_blas2_lib4.c.o[0m
[3.291s] [ 20%] [32mBuilding C object external/blasfeo/CMakeFiles/blasfeo.dir/blasfeo_hp_pm/d_blas3_diag_lib4.c.o[0m
[3.664s] [ 21%] [32mBuilding C object external/blasfeo/CMakeFiles/blasfeo.dir/blasfeo_hp_pm/d_blas3_lib4.c.o[0m
[3.717s] [ 21%] [32mBuilding C object external/blasfeo/CMakeFiles/blasfeo.dir/blasfeo_hp_pm/d_lapack_lib4.c.o[0m
[3.746s] [ 21%] [32mBuilding C object external/blasfeo/CMakeFiles/blasfeo.dir/blasfeo_hp_pm/s_blas1_lib8.c.o[0m
[3.747s] [ 22%] [32mBuilding C object external/blasfeo/CMakeFiles/blasfeo.dir/blasfeo_hp_pm/s_blas2_diag_lib.c.o[0m
[3.869s] [ 22%] [32mBuilding C object external/blasfeo/CMakeFiles/blasfeo.dir/blasfeo_hp_pm/s_blas2_lib8.c.o[0m
[3.879s] [ 23%] [32mBuilding C object external/blasfeo/CMakeFiles/blasfeo.dir/blasfeo_hp_pm/s_blas3_diag_lib8.c.o[0m
[4.086s] [ 23%] [32mBuilding C object external/blasfeo/CMakeFiles/blasfeo.dir/blasfeo_hp_pm/s_blas3_lib8.c.o[0m
[4.845s] [ 23%] [32mBuilding C object external/blasfeo/CMakeFiles/blasfeo.dir/blasfeo_hp_pm/s_lapack_lib8.c.o[0m
[5.044s] [ 24%] [32mBuilding C object external/blasfeo/CMakeFiles/blasfeo.dir/auxiliary/d_aux_ref.c.o[0m
[5.245s] [ 24%] [32mBuilding C object external/blasfeo/CMakeFiles/blasfeo.dir/auxiliary/s_aux_ref.c.o[0m
[7.187s] [ 25%] [32mBuilding C object external/blasfeo/CMakeFiles/blasfeo.dir/blasfeo_ref/d_blas1_ref.c.o[0m
[7.528s] [ 25%] [32mBuilding C object external/blasfeo/CMakeFiles/blasfeo.dir/blasfeo_ref/d_blas2_diag_ref.c.o[0m
[7.770s] [ 25%] [32mBuilding C object external/blasfeo/CMakeFiles/blasfeo.dir/blasfeo_ref/d_blas2_ref.c.o[0m
[7.854s] [ 26%] [32mBuilding C object external/blasfeo/CMakeFiles/blasfeo.dir/blasfeo_ref/d_blas3_diag_ref.c.o[0m
[8.500s] [ 27%] [32mBuilding C object external/blasfeo/CMakeFiles/blasfeo.dir/blasfeo_ref/d_lapack_ref.c.o[0m
[8.507s] [ 27%] [32mBuilding C object external/blasfeo/CMakeFiles/blasfeo.dir/blasfeo_ref/d_blas3_ref.c.o[0m
[8.988s] [ 27%] [32mBuilding C object external/blasfeo/CMakeFiles/blasfeo.dir/blasfeo_ref/s_blas1_ref.c.o[0m
[9.093s] [ 27%] [32mBuilding C object external/blasfeo/CMakeFiles/blasfeo.dir/blasfeo_ref/s_blas2_diag_ref.c.o[0m
[9.311s] [ 28%] [32mBuilding C object external/blasfeo/CMakeFiles/blasfeo.dir/blasfeo_ref/s_blas2_ref.c.o[0m
[9.366s] [ 28%] [32mBuilding C object external/blasfeo/CMakeFiles/blasfeo.dir/blasfeo_ref/s_blas3_diag_ref.c.o[0m
[9.912s] [ 29%] [32mBuilding C object external/blasfeo/CMakeFiles/blasfeo.dir/blasfeo_ref/s_blas3_ref.c.o[0m
[9.918s] [ 29%] [32mBuilding C object external/blasfeo/CMakeFiles/blasfeo.dir/blasfeo_ref/s_lapack_ref.c.o[0m
[9.986s] [ 29%] [32mBuilding C object external/blasfeo/CMakeFiles/blasfeo.dir/auxiliary/d_aux_ext_dep.c.o[0m
[10.516s] [ 30%] [32mBuilding C object external/blasfeo/CMakeFiles/blasfeo.dir/auxiliary/d_aux_ext_dep_common.c.o[0m
[10.646s] [ 30%] [32mBuilding C object external/blasfeo/CMakeFiles/blasfeo.dir/auxiliary/i_aux_ext_dep_lib.c.o[0m
[11.032s] [ 30%] [32mBuilding C object external/blasfeo/CMakeFiles/blasfeo.dir/auxiliary/s_aux_ext_dep.c.o[0m
[11.103s] [ 31%] [32mBuilding C object external/blasfeo/CMakeFiles/blasfeo.dir/auxiliary/s_aux_ext_dep_common.c.o[0m
[11.140s] [ 31%] [32mBuilding C object external/blasfeo/CMakeFiles/blasfeo.dir/auxiliary/timing.c.o[0m
[11.354s] [ 32%] [32mBuilding C object external/blasfeo/CMakeFiles/blasfeo.dir/auxiliary/v_aux_ext_dep_lib.c.o[0m
[20.192s] [ 32%] [32m[1mLinking C shared library libblasfeo.so[0m
[20.204s] /usr/bin/cc -fPIC  -std=c99 -Wall -fdiagnostics-show-option -Wno-error -w -DLA_HIGH_PERFORMANCE -DBLASFEO_REF_API -DMF_PANELMAJ -DK_MAX_STACK=300 -DUSE_C99_MATH -DEXT_DEP -DEXT_DEP_MALLOC -DOS_LINUX -DEXTERNAL_BLAS_NONE -O2 -fPIC -DTARGET_X64_INTEL_HASWELL -DTARGET_PHANTOM -m64 -mavx -mavx2 -mfma -O2 -g -DNDEBUG -shared -Wl,-soname,libblasfeo.so -o libblasfeo.so CMakeFiles/blasfeo.dir/auxiliary/blasfeo_processor_features.c.o CMakeFiles/blasfeo.dir/auxiliary/blasfeo_stdlib.c.o CMakeFiles/blasfeo.dir/auxiliary/d_aux_common.c.o CMakeFiles/blasfeo.dir/auxiliary/memory.c.o CMakeFiles/blasfeo.dir/auxiliary/s_aux_common.c.o CMakeFiles/blasfeo.dir/kernel/avx/kernel_d_aux_lib.S.o CMakeFiles/blasfeo.dir/kernel/avx/kernel_dgecp_lib4.c.o CMakeFiles/blasfeo.dir/kernel/avx/kernel_dgemm_diag_lib4.c.o CMakeFiles/blasfeo.dir/kernel/avx/kernel_dgeqrf_4_lib4.c.o CMakeFiles/blasfeo.dir/kernel/avx/kernel_dgetr_lib.S.o CMakeFiles/blasfeo.dir/kernel/avx/kernel_dpack_lib4.S.o CMakeFiles/blasfeo.dir/kernel/avx/kernel_sgead_lib8.S.o CMakeFiles/blasfeo.dir/kernel/avx/kernel_sgecpsc_lib8.S.o CMakeFiles/blasfeo.dir/kernel/avx/kernel_sgemm_diag_lib8.c.o CMakeFiles/blasfeo.dir/kernel/avx/kernel_sgemv_4_lib8.S.o CMakeFiles/blasfeo.dir/kernel/avx/kernel_sgemv_8_lib8.S.o CMakeFiles/blasfeo.dir/kernel/avx/kernel_sgetr_lib8.S.o CMakeFiles/blasfeo.dir/kernel/avx/kernel_spack_lib8.S.o CMakeFiles/blasfeo.dir/kernel/avx2/kernel_dgebp_lib4.S.o CMakeFiles/blasfeo.dir/kernel/avx2/kernel_dgelqf_4_lib4.S.o CMakeFiles/blasfeo.dir/kernel/avx2/kernel_dgemm_12x4_lib4.S.o CMakeFiles/blasfeo.dir/kernel/avx2/kernel_dgemm_4x4_lib4.S.o CMakeFiles/blasfeo.dir/kernel/avx2/kernel_dgemm_8x4_lib4.S.o CMakeFiles/blasfeo.dir/kernel/avx2/kernel_dgemm_8x8_lib4.S.o CMakeFiles/blasfeo.dir/kernel/avx2/kernel_dgemv_4_lib4.S.o CMakeFiles/blasfeo.dir/kernel/avx2/kernel_dgemv_8_lib4.S.o CMakeFiles/blasfeo.dir/kernel/avx2/kernel_dger_lib4.S.o CMakeFiles/blasfeo.dir/kernel/avx2/kernel_dgetr_lib4.c.o CMakeFiles/blasfeo.dir/kernel/avx2/kernel_dgetrf_pivot_lib4.c.o CMakeFiles/blasfeo.dir/kernel/avx2/kernel_dsymv_6_lib4.S.o CMakeFiles/blasfeo.dir/kernel/avx2/kernel_sgemm_16x4_lib8.S.o CMakeFiles/blasfeo.dir/kernel/avx2/kernel_sgemm_24x4_lib8.S.o CMakeFiles/blasfeo.dir/kernel/avx2/kernel_sgemm_8x4_lib8.S.o CMakeFiles/blasfeo.dir/kernel/avx2/kernel_sgemm_8x8_lib8.S.o CMakeFiles/blasfeo.dir/kernel/generic/kernel_daxpy_lib.c.o CMakeFiles/blasfeo.dir/kernel/generic/kernel_ddot_lib.c.o CMakeFiles/blasfeo.dir/kernel/generic/kernel_dgemv_4_lib4.c.o CMakeFiles/blasfeo.dir/kernel/generic/kernel_dger_lib4.c.o CMakeFiles/blasfeo.dir/kernel/generic/kernel_dpack_buffer_lib4.c.o CMakeFiles/blasfeo.dir/kernel/generic/kernel_dsymv_4_lib4.c.o CMakeFiles/blasfeo.dir/kernel/generic/kernel_saxpy_lib.c.o CMakeFiles/blasfeo.dir/kernel/generic/kernel_sdot_lib.c.o CMakeFiles/blasfeo.dir/kernel/generic/kernel_sgemm_4x4_lib4.c.o CMakeFiles/blasfeo.dir/kernel/generic/kernel_sgemm_8x4_lib8.c.o CMakeFiles/blasfeo.dir/kernel/generic/kernel_spack_lib4.c.o CMakeFiles/blasfeo.dir/kernel/sse3/kernel_align_x64.S.o CMakeFiles/blasfeo.dir/auxiliary/d_aux_lib4.c.o CMakeFiles/blasfeo.dir/auxiliary/m_aux_lib48.c.o CMakeFiles/blasfeo.dir/auxiliary/s_aux_lib8.c.o CMakeFiles/blasfeo.dir/blasfeo_hp_pm/d_blas1_lib4.c.o CMakeFiles/blasfeo.dir/blasfeo_hp_pm/d_blas2_diag_lib.c.o CMakeFiles/blasfeo.dir/blasfeo_hp_pm/d_blas2_lib4.c.o CMakeFiles/blasfeo.dir/blasfeo_hp_pm/d_blas3_diag_lib4.c.o CMakeFiles/blasfeo.dir/blasfeo_hp_pm/d_blas3_lib4.c.o CMakeFiles/blasfeo.dir/blasfeo_hp_pm/d_lapack_lib4.c.o CMakeFiles/blasfeo.dir/blasfeo_hp_pm/s_blas1_lib8.c.o CMakeFiles/blasfeo.dir/blasfeo_hp_pm/s_blas2_diag_lib.c.o CMakeFiles/blasfeo.dir/blasfeo_hp_pm/s_blas2_lib8.c.o CMakeFiles/blasfeo.dir/blasfeo_hp_pm/s_blas3_diag_lib8.c.o CMakeFiles/blasfeo.dir/blasfeo_hp_pm/s_blas3_lib8.c.o CMakeFiles/blasfeo.dir/blasfeo_hp_pm/s_lapack_lib8.c.o CMakeFiles/blasfeo.dir/auxiliary/d_aux_ref.c.o CMakeFiles/blasfeo.dir/auxiliary/s_aux_ref.c.o CMakeFiles/blasfeo.dir/blasfeo_ref/d_blas1_ref.c.o CMakeFiles/blasfeo.dir/blasfeo_ref/d_blas2_diag_ref.c.o CMakeFiles/blasfeo.dir/blasfeo_ref/d_blas2_ref.c.o CMakeFiles/blasfeo.dir/blasfeo_ref/d_blas3_diag_ref.c.o CMakeFiles/blasfeo.dir/blasfeo_ref/d_blas3_ref.c.o CMakeFiles/blasfeo.dir/blasfeo_ref/d_lapack_ref.c.o CMakeFiles/blasfeo.dir/blasfeo_ref/s_blas1_ref.c.o CMakeFiles/blasfeo.dir/blasfeo_ref/s_blas2_diag_ref.c.o CMakeFiles/blasfeo.dir/blasfeo_ref/s_blas2_ref.c.o CMakeFiles/blasfeo.dir/blasfeo_ref/s_blas3_diag_ref.c.o CMakeFiles/blasfeo.dir/blasfeo_ref/s_blas3_ref.c.o CMakeFiles/blasfeo.dir/blasfeo_ref/s_lapack_ref.c.o CMakeFiles/blasfeo.dir/auxiliary/d_aux_ext_dep.c.o CMakeFiles/blasfeo.dir/auxiliary/d_aux_ext_dep_common.c.o CMakeFiles/blasfeo.dir/auxiliary/i_aux_ext_dep_lib.c.o CMakeFiles/blasfeo.dir/auxiliary/s_aux_ext_dep.c.o CMakeFiles/blasfeo.dir/auxiliary/s_aux_ext_dep_common.c.o CMakeFiles/blasfeo.dir/auxiliary/timing.c.o CMakeFiles/blasfeo.dir/auxiliary/v_aux_ext_dep_lib.c.o 
[20.294s] [ 32%] Built target blasfeo
[20.339s] [ 32%] [32mBuilding C object external/blasfeo/examples/CMakeFiles/example_d_riccati_recursion.dir/example_d_riccati_recursion.c.o[0m
[20.339s] [ 32%] [32mBuilding C object external/blasfeo/examples/CMakeFiles/example_s_lu_factorization.dir/example_s_lu_factorization.c.o[0m
[20.340s] [ 32%] [32mBuilding C object external/blasfeo/examples/CMakeFiles/example_d_lu_factorization.dir/example_d_lu_factorization.c.o[0m
[20.340s] [ 32%] [32mBuilding C object external/blasfeo/examples/CMakeFiles/getting_started.dir/getting_started.c.o[0m
[20.340s] [ 32%] [32mBuilding C object external/blasfeo/examples/CMakeFiles/example_s_riccati_recursion.dir/example_s_riccati_recursion.c.o[0m
[20.340s] [ 32%] [32mBuilding C object external/blasfeo/examples/CMakeFiles/example_d_riccati_recursion.dir/tools.c.o[0m
[20.341s] [ 32%] [32mBuilding C object external/blasfeo/examples/CMakeFiles/example_s_riccati_recursion.dir/tools.c.o[0m
[20.351s] [ 32%] [32mBuilding C object external/blasfeo/examples/CMakeFiles/example_d_lq_factorization.dir/example_d_lq_factorization.c.o[0m
[20.353s] [ 33%] [32mBuilding C object external/hpipm/CMakeFiles/hpipm.dir/cond/d_cond_aux.c.o[0m
[20.355s] [ 33%] [32mBuilding C object external/hpipm/CMakeFiles/hpipm.dir/cond/d_cond_qcqp.c.o[0m
[20.359s] [ 33%] [32mBuilding C object external/hpipm/CMakeFiles/hpipm.dir/cond/d_cond.c.o[0m
[20.362s] [ 34%] [32mBuilding C object external/hpipm/CMakeFiles/hpipm.dir/cond/d_cast_qcqp.c.o[0m
[20.553s] [ 35%] [32m[1mLinking C executable example_s_lu_factorization[0m
[20.556s] [ 36%] [32m[1mLinking C executable example_d_lq_factorization[0m
[20.581s] /usr/bin/cc  -std=c99 -Wall -fdiagnostics-show-option -Wno-error -w -DLA_HIGH_PERFORMANCE -DBLASFEO_REF_API -DMF_PANELMAJ -DK_MAX_STACK=300 -DUSE_C99_MATH -DEXT_DEP -DEXT_DEP_MALLOC -DOS_LINUX -DEXTERNAL_BLAS_NONE -O2 -fPIC -DTARGET_X64_INTEL_HASWELL -DTARGET_PHANTOM -m64 -mavx -mavx2 -mfma -O2 -g -DNDEBUG -rdynamic CMakeFiles/example_s_lu_factorization.dir/example_s_lu_factorization.c.o -o example_s_lu_factorization  -Wl,-rpath,/workspace/build/acados/external/blasfeo ../libblasfeo.so -lm 
[20.584s] /usr/bin/cc  -std=c99 -Wall -fdiagnostics-show-option -Wno-error -w -DLA_HIGH_PERFORMANCE -DBLASFEO_REF_API -DMF_PANELMAJ -DK_MAX_STACK=300 -DUSE_C99_MATH -DEXT_DEP -DEXT_DEP_MALLOC -DOS_LINUX -DEXTERNAL_BLAS_NONE -O2 -fPIC -DTARGET_X64_INTEL_HASWELL -DTARGET_PHANTOM -m64 -mavx -mavx2 -mfma -O2 -g -DNDEBUG -rdynamic CMakeFiles/example_d_lq_factorization.dir/example_d_lq_factorization.c.o -o example_d_lq_factorization  -Wl,-rpath,/workspace/build/acados/external/blasfeo ../libblasfeo.so -lm 
[20.585s] [ 37%] [32m[1mLinking C executable example_d_lu_factorization[0m
[20.599s] [ 37%] [32m[1mLinking C executable getting_started[0m
[20.629s] /usr/bin/cc  -std=c99 -Wall -fdiagnostics-show-option -Wno-error -w -DLA_HIGH_PERFORMANCE -DBLASFEO_REF_API -DMF_PANELMAJ -DK_MAX_STACK=300 -DUSE_C99_MATH -DEXT_DEP -DEXT_DEP_MALLOC -DOS_LINUX -DEXTERNAL_BLAS_NONE -O2 -fPIC -DTARGET_X64_INTEL_HASWELL -DTARGET_PHANTOM -m64 -mavx -mavx2 -mfma -O2 -g -DNDEBUG -rdynamic CMakeFiles/example_d_lu_factorization.dir/example_d_lu_factorization.c.o -o example_d_lu_factorization  -Wl,-rpath,/workspace/build/acados/external/blasfeo ../libblasfeo.so -lm 
[20.642s] /usr/bin/cc  -std=c99 -Wall -fdiagnostics-show-option -Wno-error -w -DLA_HIGH_PERFORMANCE -DBLASFEO_REF_API -DMF_PANELMAJ -DK_MAX_STACK=300 -DUSE_C99_MATH -DEXT_DEP -DEXT_DEP_MALLOC -DOS_LINUX -DEXTERNAL_BLAS_NONE -O2 -fPIC -DTARGET_X64_INTEL_HASWELL -DTARGET_PHANTOM -m64 -mavx -mavx2 -mfma -O2 -g -DNDEBUG -rdynamic CMakeFiles/getting_started.dir/getting_started.c.o -o getting_started  -Wl,-rpath,/workspace/build/acados/external/blasfeo ../libblasfeo.so -lm 
[20.651s] [ 37%] [32mBuilding C object external/hpipm/CMakeFiles/hpipm.dir/cond/d_part_cond.c.o[0m
[20.742s] [ 37%] Built target example_s_lu_factorization
[20.751s] [ 37%] Built target example_d_lq_factorization
[20.786s] [ 38%] [32mBuilding C object external/hpipm/CMakeFiles/hpipm.dir/cond/d_part_cond_qcqp.c.o[0m
[20.805s] [ 38%] [32mBuilding C object external/hpipm/CMakeFiles/hpipm.dir/cond/s_cast_qcqp.c.o[0m
[20.814s] [ 39%] [32mBuilding C object external/hpipm/CMakeFiles/hpipm.dir/cond/s_cond.c.o[0m
[20.820s] [ 39%] Built target example_d_lu_factorization
[20.869s] [ 39%] Built target getting_started
[20.924s] [ 39%] [32mBuilding C object external/hpipm/CMakeFiles/hpipm.dir/cond/s_cond_aux.c.o[0m
[20.979s] [ 39%] [32mBuilding C object external/hpipm/CMakeFiles/hpipm.dir/cond/s_cond_qcqp.c.o[0m
[21.427s] [ 40%] [32mBuilding C object external/hpipm/CMakeFiles/hpipm.dir/cond/s_part_cond.c.o[0m
[21.498s] [ 40%] [32mBuilding C object external/hpipm/CMakeFiles/hpipm.dir/cond/s_part_cond_qcqp.c.o[0m
[21.590s] [ 41%] [32mBuilding C object external/hpipm/CMakeFiles/hpipm.dir/dense_qp/d_dense_qcqp.c.o[0m
[21.653s] [ 41%] [32mBuilding C object external/hpipm/CMakeFiles/hpipm.dir/dense_qp/d_dense_qcqp_dim.c.o[0m
[21.667s] [ 41%] [32mBuilding C object external/hpipm/CMakeFiles/hpipm.dir/dense_qp/d_dense_qcqp_ipm.c.o[0m
[21.782s] [ 42%] [32mBuilding C object external/hpipm/CMakeFiles/hpipm.dir/dense_qp/d_dense_qcqp_res.c.o[0m
[21.835s] [ 43%] [32m[1mLinking C executable example_s_riccati_recursion[0m
[21.858s] /usr/bin/cc  -std=c99 -Wall -fdiagnostics-show-option -Wno-error -w -DLA_HIGH_PERFORMANCE -DBLASFEO_REF_API -DMF_PANELMAJ -DK_MAX_STACK=300 -DUSE_C99_MATH -DEXT_DEP -DEXT_DEP_MALLOC -DOS_LINUX -DEXTERNAL_BLAS_NONE -O2 -fPIC -DTARGET_X64_INTEL_HASWELL -DTARGET_PHANTOM -m64 -mavx -mavx2 -mfma -O2 -g -DNDEBUG -rdynamic CMakeFiles/example_s_riccati_recursion.dir/example_s_riccati_recursion.c.o CMakeFiles/example_s_riccati_recursion.dir/tools.c.o -o example_s_riccati_recursion  -Wl,-rpath,/workspace/build/acados/external/blasfeo ../libblasfeo.so -lm 
[21.885s] [ 43%] [32mBuilding C object external/hpipm/CMakeFiles/hpipm.dir/dense_qp/d_dense_qcqp_sol.c.o[0m
[21.910s] [ 44%] [32mBuilding C object external/hpipm/CMakeFiles/hpipm.dir/dense_qp/d_dense_qcqp_utils.c.o[0m
[21.932s] [ 45%] [32m[1mLinking C executable example_d_riccati_recursion[0m
[21.952s] /usr/bin/cc  -std=c99 -Wall -fdiagnostics-show-option -Wno-error -w -DLA_HIGH_PERFORMANCE -DBLASFEO_REF_API -DMF_PANELMAJ -DK_MAX_STACK=300 -DUSE_C99_MATH -DEXT_DEP -DEXT_DEP_MALLOC -DOS_LINUX -DEXTERNAL_BLAS_NONE -O2 -fPIC -DTARGET_X64_INTEL_HASWELL -DTARGET_PHANTOM -m64 -mavx -mavx2 -mfma -O2 -g -DNDEBUG -rdynamic CMakeFiles/example_d_riccati_recursion.dir/example_d_riccati_recursion.c.o CMakeFiles/example_d_riccati_recursion.dir/tools.c.o -o example_d_riccati_recursion  -Wl,-rpath,/workspace/build/acados/external/blasfeo ../libblasfeo.so -lm 
[22.063s] [ 45%] Built target example_s_riccati_recursion
[22.077s] [ 45%] Built target example_d_riccati_recursion
[22.100s] [ 45%] [32mBuilding C object external/hpipm/CMakeFiles/hpipm.dir/dense_qp/d_dense_qp.c.o[0m
[22.106s] [ 45%] [32mBuilding C object external/hpipm/CMakeFiles/hpipm.dir/dense_qp/d_dense_qp_dim.c.o[0m
[22.116s] [ 46%] [32mBuilding C object external/hpipm/CMakeFiles/hpipm.dir/dense_qp/d_dense_qp_ipm.c.o[0m
[22.130s] [ 46%] [32mBuilding C object external/hpipm/CMakeFiles/hpipm.dir/dense_qp/d_dense_qp_kkt.c.o[0m
[22.180s] [ 46%] [32mBuilding C object external/hpipm/CMakeFiles/hpipm.dir/dense_qp/d_dense_qp_res.c.o[0m
[22.277s] [ 47%] [32mBuilding C object external/hpipm/CMakeFiles/hpipm.dir/dense_qp/d_dense_qp_seed.c.o[0m
[22.302s] [ 47%] [32mBuilding C object external/hpipm/CMakeFiles/hpipm.dir/dense_qp/d_dense_qp_sol.c.o[0m
[22.356s] [ 48%] [32mBuilding C object external/hpipm/CMakeFiles/hpipm.dir/dense_qp/d_dense_qp_utils.c.o[0m
[22.561s] [ 48%] [32mBuilding C object external/hpipm/CMakeFiles/hpipm.dir/dense_qp/s_dense_qcqp.c.o[0m
[22.862s] [ 48%] [32mBuilding C object external/hpipm/CMakeFiles/hpipm.dir/dense_qp/s_dense_qcqp_dim.c.o[0m
[22.951s] [ 49%] [32mBuilding C object external/hpipm/CMakeFiles/hpipm.dir/dense_qp/s_dense_qcqp_ipm.c.o[0m
[22.985s] [ 49%] [32mBuilding C object external/hpipm/CMakeFiles/hpipm.dir/dense_qp/s_dense_qcqp_res.c.o[0m
[23.062s] [ 50%] [32mBuilding C object external/hpipm/CMakeFiles/hpipm.dir/dense_qp/s_dense_qcqp_sol.c.o[0m
[23.077s] [ 50%] [32mBuilding C object external/hpipm/CMakeFiles/hpipm.dir/dense_qp/s_dense_qcqp_utils.c.o[0m
[23.133s] [ 50%] [32mBuilding C object external/hpipm/CMakeFiles/hpipm.dir/dense_qp/s_dense_qp.c.o[0m
[23.351s] [ 51%] [32mBuilding C object external/hpipm/CMakeFiles/hpipm.dir/dense_qp/s_dense_qp_dim.c.o[0m
[23.408s] [ 51%] [32mBuilding C object external/hpipm/CMakeFiles/hpipm.dir/dense_qp/s_dense_qp_ipm.c.o[0m
[23.409s] [ 52%] [32mBuilding C object external/hpipm/CMakeFiles/hpipm.dir/dense_qp/s_dense_qp_kkt.c.o[0m
[23.569s] [ 52%] [32mBuilding C object external/hpipm/CMakeFiles/hpipm.dir/dense_qp/s_dense_qp_seed.c.o[0m
[23.570s] [ 52%] [32mBuilding C object external/hpipm/CMakeFiles/hpipm.dir/dense_qp/s_dense_qp_res.c.o[0m
[23.640s] [ 53%] [32mBuilding C object external/hpipm/CMakeFiles/hpipm.dir/dense_qp/s_dense_qp_sol.c.o[0m
[23.773s] [ 53%] [32mBuilding C object external/hpipm/CMakeFiles/hpipm.dir/dense_qp/s_dense_qp_utils.c.o[0m
[24.050s] [ 54%] [32mBuilding C object external/hpipm/CMakeFiles/hpipm.dir/ipm_core/d_core_qp_ipm.c.o[0m
[24.313s] [ 54%] [32mBuilding C object external/hpipm/CMakeFiles/hpipm.dir/ipm_core/d_core_qp_ipm_aux.c.o[0m
[24.421s] [ 54%] [32mBuilding C object external/hpipm/CMakeFiles/hpipm.dir/ipm_core/s_core_qp_ipm.c.o[0m
[24.431s] [ 55%] [32mBuilding C object external/hpipm/CMakeFiles/hpipm.dir/ipm_core/s_core_qp_ipm_aux.c.o[0m
[24.457s] [ 55%] [32mBuilding C object external/hpipm/CMakeFiles/hpipm.dir/ocp_qp/d_ocp_qcqp.c.o[0m
[24.532s] [ 55%] [32mBuilding C object external/hpipm/CMakeFiles/hpipm.dir/ocp_qp/d_ocp_qcqp_dim.c.o[0m
[24.607s] [ 55%] [32mBuilding C object external/hpipm/CMakeFiles/hpipm.dir/ocp_qp/d_ocp_qcqp_res.c.o[0m
[24.617s] [ 56%] [32mBuilding C object external/hpipm/CMakeFiles/hpipm.dir/ocp_qp/d_ocp_qcqp_ipm.c.o[0m
[24.696s] [ 57%] [32mBuilding C object external/hpipm/CMakeFiles/hpipm.dir/ocp_qp/d_ocp_qcqp_sol.c.o[0m
[24.707s] [ 57%] [32mBuilding C object external/hpipm/CMakeFiles/hpipm.dir/ocp_qp/d_ocp_qcqp_utils.c.o[0m
[24.809s] [ 57%] [32mBuilding C object external/hpipm/CMakeFiles/hpipm.dir/ocp_qp/d_ocp_qp.c.o[0m
[24.909s] [ 58%] [32mBuilding C object external/hpipm/CMakeFiles/hpipm.dir/ocp_qp/d_ocp_qp_dim.c.o[0m
[25.064s] [ 58%] [32mBuilding C object external/hpipm/CMakeFiles/hpipm.dir/ocp_qp/d_ocp_qp_ipm.c.o[0m
[25.127s] [ 59%] [32mBuilding C object external/hpipm/CMakeFiles/hpipm.dir/ocp_qp/d_ocp_qp_kkt.c.o[0m
[25.163s] [ 59%] [32mBuilding C object external/hpipm/CMakeFiles/hpipm.dir/ocp_qp/d_ocp_qp_red.c.o[0m
[25.211s] [ 59%] [32mBuilding C object external/hpipm/CMakeFiles/hpipm.dir/ocp_qp/d_ocp_qp_res.c.o[0m
[25.277s] [ 60%] [32mBuilding C object external/hpipm/CMakeFiles/hpipm.dir/ocp_qp/d_ocp_qp_seed.c.o[0m
[25.292s] [ 60%] [32mBuilding C object external/hpipm/CMakeFiles/hpipm.dir/ocp_qp/d_ocp_qp_sol.c.o[0m
[25.648s] [ 61%] [32mBuilding C object external/hpipm/CMakeFiles/hpipm.dir/ocp_qp/d_ocp_qp_utils.c.o[0m
[25.878s] [ 61%] [32mBuilding C object external/hpipm/CMakeFiles/hpipm.dir/ocp_qp/s_ocp_qcqp.c.o[0m
[26.024s] [ 61%] [32mBuilding C object external/hpipm/CMakeFiles/hpipm.dir/ocp_qp/s_ocp_qcqp_dim.c.o[0m
[26.311s] [ 62%] [32mBuilding C object external/hpipm/CMakeFiles/hpipm.dir/ocp_qp/s_ocp_qcqp_ipm.c.o[0m
[26.375s] [ 62%] [32mBuilding C object external/hpipm/CMakeFiles/hpipm.dir/ocp_qp/s_ocp_qcqp_res.c.o[0m
[26.440s] [ 62%] [32mBuilding C object external/hpipm/CMakeFiles/hpipm.dir/ocp_qp/s_ocp_qcqp_sol.c.o[0m
[26.487s] [ 63%] [32mBuilding C object external/hpipm/CMakeFiles/hpipm.dir/ocp_qp/s_ocp_qcqp_utils.c.o[0m
[26.819s] [ 63%] [32mBuilding C object external/hpipm/CMakeFiles/hpipm.dir/ocp_qp/s_ocp_qp.c.o[0m
[26.967s] [ 63%] [32mBuilding C object external/hpipm/CMakeFiles/hpipm.dir/ocp_qp/s_ocp_qp_ipm.c.o[0m
[26.991s] [ 64%] [32mBuilding C object external/hpipm/CMakeFiles/hpipm.dir/ocp_qp/s_ocp_qp_dim.c.o[0m
[27.232s] [ 64%] [32mBuilding C object external/hpipm/CMakeFiles/hpipm.dir/ocp_qp/s_ocp_qp_kkt.c.o[0m
[27.700s] [ 65%] [32mBuilding C object external/hpipm/CMakeFiles/hpipm.dir/ocp_qp/s_ocp_qp_red.c.o[0m
[27.789s] [ 65%] [32mBuilding C object external/hpipm/CMakeFiles/hpipm.dir/ocp_qp/s_ocp_qp_res.c.o[0m
[27.954s] [ 66%] [32mBuilding C object external/hpipm/CMakeFiles/hpipm.dir/ocp_qp/s_ocp_qp_seed.c.o[0m
[27.996s] [ 66%] [32mBuilding C object external/hpipm/CMakeFiles/hpipm.dir/ocp_qp/s_ocp_qp_sol.c.o[0m
[28.112s] [ 66%] [32mBuilding C object external/hpipm/CMakeFiles/hpipm.dir/ocp_qp/s_ocp_qp_utils.c.o[0m
[28.297s] [ 67%] [32mBuilding C object external/hpipm/CMakeFiles/hpipm.dir/tree_ocp_qp/d_tree_ocp_qcqp.c.o[0m
[28.305s] [ 67%] [32mBuilding C object external/hpipm/CMakeFiles/hpipm.dir/tree_ocp_qp/d_tree_ocp_qcqp_dim.c.o[0m
[28.334s] [ 68%] [32mBuilding C object external/hpipm/CMakeFiles/hpipm.dir/tree_ocp_qp/d_tree_ocp_qcqp_ipm.c.o[0m
[28.350s] [ 68%] [32mBuilding C object external/hpipm/CMakeFiles/hpipm.dir/tree_ocp_qp/d_tree_ocp_qcqp_res.c.o[0m
[28.596s] [ 68%] [32mBuilding C object external/hpipm/CMakeFiles/hpipm.dir/tree_ocp_qp/d_tree_ocp_qcqp_sol.c.o[0m
[28.709s] [ 69%] [32mBuilding C object external/hpipm/CMakeFiles/hpipm.dir/tree_ocp_qp/d_tree_ocp_qcqp_utils.c.o[0m
[28.731s] [ 69%] [32mBuilding C object external/hpipm/CMakeFiles/hpipm.dir/tree_ocp_qp/d_tree_ocp_qp.c.o[0m
[29.355s] [ 70%] [32mBuilding C object external/hpipm/CMakeFiles/hpipm.dir/tree_ocp_qp/d_tree_ocp_qp_dim.c.o[0m
[29.450s] [ 70%] [32mBuilding C object external/hpipm/CMakeFiles/hpipm.dir/tree_ocp_qp/d_tree_ocp_qp_ipm.c.o[0m
[29.618s] [ 70%] [32mBuilding C object external/hpipm/CMakeFiles/hpipm.dir/tree_ocp_qp/d_tree_ocp_qp_kkt.c.o[0m
[29.719s] [ 71%] [32mBuilding C object external/hpipm/CMakeFiles/hpipm.dir/tree_ocp_qp/d_tree_ocp_qp_res.c.o[0m
[29.853s] [ 71%] [32mBuilding C object external/hpipm/CMakeFiles/hpipm.dir/tree_ocp_qp/d_tree_ocp_qp_sol.c.o[0m
[29.860s] [ 71%] [32mBuilding C object external/hpipm/CMakeFiles/hpipm.dir/tree_ocp_qp/d_tree_ocp_qp_utils.c.o[0m
[30.131s] [ 72%] [32mBuilding C object external/hpipm/CMakeFiles/hpipm.dir/tree_ocp_qp/s_tree_ocp_qcqp.c.o[0m
[30.187s] [ 72%] [32mBuilding C object external/hpipm/CMakeFiles/hpipm.dir/tree_ocp_qp/s_tree_ocp_qcqp_dim.c.o[0m
[30.255s] [ 73%] [32mBuilding C object external/hpipm/CMakeFiles/hpipm.dir/tree_ocp_qp/s_tree_ocp_qcqp_ipm.c.o[0m
[30.322s] [ 73%] [32mBuilding C object external/hpipm/CMakeFiles/hpipm.dir/tree_ocp_qp/s_tree_ocp_qcqp_res.c.o[0m
[30.368s] [ 73%] [32mBuilding C object external/hpipm/CMakeFiles/hpipm.dir/tree_ocp_qp/s_tree_ocp_qcqp_sol.c.o[0m
[30.445s] [ 74%] [32mBuilding C object external/hpipm/CMakeFiles/hpipm.dir/tree_ocp_qp/s_tree_ocp_qcqp_utils.c.o[0m
[30.486s] [ 74%] [32mBuilding C object external/hpipm/CMakeFiles/hpipm.dir/tree_ocp_qp/s_tree_ocp_qp.c.o[0m
[30.538s] [ 75%] [32mBuilding C object external/hpipm/CMakeFiles/hpipm.dir/tree_ocp_qp/s_tree_ocp_qp_dim.c.o[0m
[30.589s] [ 75%] [32mBuilding C object external/hpipm/CMakeFiles/hpipm.dir/tree_ocp_qp/s_tree_ocp_qp_ipm.c.o[0m
[30.637s] [ 75%] [32mBuilding C object external/hpipm/CMakeFiles/hpipm.dir/tree_ocp_qp/s_tree_ocp_qp_kkt.c.o[0m
[30.772s] [ 76%] [32mBuilding C object external/hpipm/CMakeFiles/hpipm.dir/tree_ocp_qp/s_tree_ocp_qp_res.c.o[0m
[30.791s] [ 76%] [32mBuilding C object external/hpipm/CMakeFiles/hpipm.dir/tree_ocp_qp/s_tree_ocp_qp_sol.c.o[0m
[30.938s] [ 77%] [32mBuilding C object external/hpipm/CMakeFiles/hpipm.dir/tree_ocp_qp/s_tree_ocp_qp_utils.c.o[0m
[31.380s] [ 77%] [32mBuilding C object external/hpipm/CMakeFiles/hpipm.dir/tree_ocp_qp/scenario_tree.c.o[0m
[31.433s] [ 77%] [32mBuilding C object external/hpipm/CMakeFiles/hpipm.dir/auxiliary/aux_mem.c.o[0m
[31.479s] [ 78%] [32mBuilding C object external/hpipm/CMakeFiles/hpipm.dir/auxiliary/aux_string.c.o[0m
[31.546s] [ 78%] [32mBuilding C object external/hpipm/CMakeFiles/hpipm.dir/auxiliary/timing.c.o[0m
[32.460s] [ 79%] [32m[1mLinking C shared library libhpipm.so[0m
[32.473s] /usr/bin/cc -fPIC  -std=c99 -Wall -fdiagnostics-show-option -Wno-error -w -O2 -fPIC -DTARGET_GENERIC  -DUSE_C99_MATH -DRUNTIME_CHECKS -O2 -g -DNDEBUG -shared -Wl,-soname,libhpipm.so -o libhpipm.so CMakeFiles/hpipm.dir/cond/d_cast_qcqp.c.o CMakeFiles/hpipm.dir/cond/d_cond.c.o CMakeFiles/hpipm.dir/cond/d_cond_aux.c.o CMakeFiles/hpipm.dir/cond/d_cond_qcqp.c.o CMakeFiles/hpipm.dir/cond/d_part_cond.c.o CMakeFiles/hpipm.dir/cond/d_part_cond_qcqp.c.o CMakeFiles/hpipm.dir/cond/s_cast_qcqp.c.o CMakeFiles/hpipm.dir/cond/s_cond.c.o CMakeFiles/hpipm.dir/cond/s_cond_aux.c.o CMakeFiles/hpipm.dir/cond/s_cond_qcqp.c.o CMakeFiles/hpipm.dir/cond/s_part_cond.c.o CMakeFiles/hpipm.dir/cond/s_part_cond_qcqp.c.o CMakeFiles/hpipm.dir/dense_qp/d_dense_qcqp.c.o CMakeFiles/hpipm.dir/dense_qp/d_dense_qcqp_dim.c.o CMakeFiles/hpipm.dir/dense_qp/d_dense_qcqp_ipm.c.o CMakeFiles/hpipm.dir/dense_qp/d_dense_qcqp_res.c.o CMakeFiles/hpipm.dir/dense_qp/d_dense_qcqp_sol.c.o CMakeFiles/hpipm.dir/dense_qp/d_dense_qcqp_utils.c.o CMakeFiles/hpipm.dir/dense_qp/d_dense_qp.c.o CMakeFiles/hpipm.dir/dense_qp/d_dense_qp_dim.c.o CMakeFiles/hpipm.dir/dense_qp/d_dense_qp_ipm.c.o CMakeFiles/hpipm.dir/dense_qp/d_dense_qp_kkt.c.o CMakeFiles/hpipm.dir/dense_qp/d_dense_qp_res.c.o CMakeFiles/hpipm.dir/dense_qp/d_dense_qp_seed.c.o CMakeFiles/hpipm.dir/dense_qp/d_dense_qp_sol.c.o CMakeFiles/hpipm.dir/dense_qp/d_dense_qp_utils.c.o CMakeFiles/hpipm.dir/dense_qp/s_dense_qcqp.c.o CMakeFiles/hpipm.dir/dense_qp/s_dense_qcqp_dim.c.o CMakeFiles/hpipm.dir/dense_qp/s_dense_qcqp_ipm.c.o CMakeFiles/hpipm.dir/dense_qp/s_dense_qcqp_res.c.o CMakeFiles/hpipm.dir/dense_qp/s_dense_qcqp_sol.c.o CMakeFiles/hpipm.dir/dense_qp/s_dense_qcqp_utils.c.o CMakeFiles/hpipm.dir/dense_qp/s_dense_qp.c.o CMakeFiles/hpipm.dir/dense_qp/s_dense_qp_dim.c.o CMakeFiles/hpipm.dir/dense_qp/s_dense_qp_ipm.c.o CMakeFiles/hpipm.dir/dense_qp/s_dense_qp_kkt.c.o CMakeFiles/hpipm.dir/dense_qp/s_dense_qp_res.c.o CMakeFiles/hpipm.dir/dense_qp/s_dense_qp_seed.c.o CMakeFiles/hpipm.dir/dense_qp/s_dense_qp_sol.c.o CMakeFiles/hpipm.dir/dense_qp/s_dense_qp_utils.c.o CMakeFiles/hpipm.dir/ipm_core/d_core_qp_ipm.c.o CMakeFiles/hpipm.dir/ipm_core/d_core_qp_ipm_aux.c.o CMakeFiles/hpipm.dir/ipm_core/s_core_qp_ipm.c.o CMakeFiles/hpipm.dir/ipm_core/s_core_qp_ipm_aux.c.o CMakeFiles/hpipm.dir/ocp_qp/d_ocp_qcqp.c.o CMakeFiles/hpipm.dir/ocp_qp/d_ocp_qcqp_dim.c.o CMakeFiles/hpipm.dir/ocp_qp/d_ocp_qcqp_ipm.c.o CMakeFiles/hpipm.dir/ocp_qp/d_ocp_qcqp_res.c.o CMakeFiles/hpipm.dir/ocp_qp/d_ocp_qcqp_sol.c.o CMakeFiles/hpipm.dir/ocp_qp/d_ocp_qcqp_utils.c.o CMakeFiles/hpipm.dir/ocp_qp/d_ocp_qp.c.o CMakeFiles/hpipm.dir/ocp_qp/d_ocp_qp_dim.c.o CMakeFiles/hpipm.dir/ocp_qp/d_ocp_qp_ipm.c.o CMakeFiles/hpipm.dir/ocp_qp/d_ocp_qp_kkt.c.o CMakeFiles/hpipm.dir/ocp_qp/d_ocp_qp_red.c.o CMakeFiles/hpipm.dir/ocp_qp/d_ocp_qp_res.c.o CMakeFiles/hpipm.dir/ocp_qp/d_ocp_qp_seed.c.o CMakeFiles/hpipm.dir/ocp_qp/d_ocp_qp_sol.c.o CMakeFiles/hpipm.dir/ocp_qp/d_ocp_qp_utils.c.o CMakeFiles/hpipm.dir/ocp_qp/s_ocp_qcqp.c.o CMakeFiles/hpipm.dir/ocp_qp/s_ocp_qcqp_dim.c.o CMakeFiles/hpipm.dir/ocp_qp/s_ocp_qcqp_ipm.c.o CMakeFiles/hpipm.dir/ocp_qp/s_ocp_qcqp_res.c.o CMakeFiles/hpipm.dir/ocp_qp/s_ocp_qcqp_sol.c.o CMakeFiles/hpipm.dir/ocp_qp/s_ocp_qcqp_utils.c.o CMakeFiles/hpipm.dir/ocp_qp/s_ocp_qp.c.o CMakeFiles/hpipm.dir/ocp_qp/s_ocp_qp_dim.c.o CMakeFiles/hpipm.dir/ocp_qp/s_ocp_qp_ipm.c.o CMakeFiles/hpipm.dir/ocp_qp/s_ocp_qp_kkt.c.o CMakeFiles/hpipm.dir/ocp_qp/s_ocp_qp_red.c.o CMakeFiles/hpipm.dir/ocp_qp/s_ocp_qp_res.c.o CMakeFiles/hpipm.dir/ocp_qp/s_ocp_qp_seed.c.o CMakeFiles/hpipm.dir/ocp_qp/s_ocp_qp_sol.c.o CMakeFiles/hpipm.dir/ocp_qp/s_ocp_qp_utils.c.o CMakeFiles/hpipm.dir/tree_ocp_qp/d_tree_ocp_qcqp.c.o CMakeFiles/hpipm.dir/tree_ocp_qp/d_tree_ocp_qcqp_dim.c.o CMakeFiles/hpipm.dir/tree_ocp_qp/d_tree_ocp_qcqp_ipm.c.o CMakeFiles/hpipm.dir/tree_ocp_qp/d_tree_ocp_qcqp_res.c.o CMakeFiles/hpipm.dir/tree_ocp_qp/d_tree_ocp_qcqp_sol.c.o CMakeFiles/hpipm.dir/tree_ocp_qp/d_tree_ocp_qcqp_utils.c.o CMakeFiles/hpipm.dir/tree_ocp_qp/d_tree_ocp_qp.c.o CMakeFiles/hpipm.dir/tree_ocp_qp/d_tree_ocp_qp_dim.c.o CMakeFiles/hpipm.dir/tree_ocp_qp/d_tree_ocp_qp_ipm.c.o CMakeFiles/hpipm.dir/tree_ocp_qp/d_tree_ocp_qp_kkt.c.o CMakeFiles/hpipm.dir/tree_ocp_qp/d_tree_ocp_qp_res.c.o CMakeFiles/hpipm.dir/tree_ocp_qp/d_tree_ocp_qp_sol.c.o CMakeFiles/hpipm.dir/tree_ocp_qp/d_tree_ocp_qp_utils.c.o CMakeFiles/hpipm.dir/tree_ocp_qp/s_tree_ocp_qcqp.c.o CMakeFiles/hpipm.dir/tree_ocp_qp/s_tree_ocp_qcqp_dim.c.o CMakeFiles/hpipm.dir/tree_ocp_qp/s_tree_ocp_qcqp_ipm.c.o CMakeFiles/hpipm.dir/tree_ocp_qp/s_tree_ocp_qcqp_res.c.o CMakeFiles/hpipm.dir/tree_ocp_qp/s_tree_ocp_qcqp_sol.c.o CMakeFiles/hpipm.dir/tree_ocp_qp/s_tree_ocp_qcqp_utils.c.o CMakeFiles/hpipm.dir/tree_ocp_qp/s_tree_ocp_qp.c.o CMakeFiles/hpipm.dir/tree_ocp_qp/s_tree_ocp_qp_dim.c.o CMakeFiles/hpipm.dir/tree_ocp_qp/s_tree_ocp_qp_ipm.c.o CMakeFiles/hpipm.dir/tree_ocp_qp/s_tree_ocp_qp_kkt.c.o CMakeFiles/hpipm.dir/tree_ocp_qp/s_tree_ocp_qp_res.c.o CMakeFiles/hpipm.dir/tree_ocp_qp/s_tree_ocp_qp_sol.c.o CMakeFiles/hpipm.dir/tree_ocp_qp/s_tree_ocp_qp_utils.c.o CMakeFiles/hpipm.dir/tree_ocp_qp/scenario_tree.c.o CMakeFiles/hpipm.dir/auxiliary/aux_mem.c.o CMakeFiles/hpipm.dir/auxiliary/aux_string.c.o CMakeFiles/hpipm.dir/auxiliary/timing.c.o  -Wl,-rpath,/workspace/build/acados/external/blasfeo: ../blasfeo/libblasfeo.so 
[32.619s] [ 79%] Built target hpipm
[32.658s] [ 79%] [32mBuilding C object acados/CMakeFiles/acados.dir/dense_qp/dense_qp_hpipm.c.o[0m
[32.658s] [ 80%] [32mBuilding C object acados/CMakeFiles/acados.dir/ocp_nlp/ocp_nlp_common.c.o[0m
[32.658s] [ 80%] [32mBuilding C object acados/CMakeFiles/acados.dir/ocp_nlp/ocp_nlp_constraints_bgh.c.o[0m
[32.659s] [ 80%] [32mBuilding C object acados/CMakeFiles/acados.dir/ocp_nlp/ocp_nlp_constraints_bgp.c.o[0m
[32.659s] [ 81%] [32mBuilding C object acados/CMakeFiles/acados.dir/ocp_nlp/ocp_nlp_constraints_common.c.o[0m
[32.659s] [ 81%] [32mBuilding C object acados/CMakeFiles/acados.dir/ocp_nlp/ocp_nlp_cost_external.c.o[0m
[32.659s] [ 81%] [32mBuilding C object acados/CMakeFiles/acados.dir/ocp_nlp/ocp_nlp_cost_common.c.o[0m
[32.659s] [ 81%] [32mBuilding C object acados/CMakeFiles/acados.dir/ocp_nlp/ocp_nlp_cost_ls.c.o[0m
[32.660s] [ 81%] [32mBuilding C object acados/CMakeFiles/acados.dir/dense_qp/dense_qp_common.c.o[0m
[32.660s] [ 82%] [32mBuilding C object acados/CMakeFiles/acados.dir/ocp_nlp/ocp_nlp_cost_conl.c.o[0m
[32.662s] [ 82%] [32mBuilding C object acados/CMakeFiles/acados.dir/ocp_nlp/ocp_nlp_ddp.c.o[0m
[32.665s] [ 83%] [32mBuilding C object acados/CMakeFiles/acados.dir/ocp_nlp/ocp_nlp_cost_nls.c.o[0m
[32.771s] [ 84%] [32mBuilding C object acados/CMakeFiles/acados.dir/ocp_nlp/ocp_nlp_dynamics_common.c.o[0m
[32.774s] [ 84%] [32mBuilding C object acados/CMakeFiles/acados.dir/ocp_nlp/ocp_nlp_dynamics_cont.c.o[0m
[32.955s] [ 84%] [32mBuilding C object acados/CMakeFiles/acados.dir/ocp_nlp/ocp_nlp_dynamics_disc.c.o[0m
[32.963s] [ 85%] [32mBuilding C object acados/CMakeFiles/acados.dir/ocp_nlp/ocp_nlp_globalization_common.c.o[0m
[33.156s] [ 85%] [32mBuilding C object acados/CMakeFiles/acados.dir/ocp_nlp/ocp_nlp_globalization_fixed_step.c.o[0m
[33.210s] [ 86%] [32mBuilding C object acados/CMakeFiles/acados.dir/ocp_nlp/ocp_nlp_globalization_funnel.c.o[0m
[33.388s] [ 86%] [32mBuilding C object acados/CMakeFiles/acados.dir/ocp_nlp/ocp_nlp_globalization_merit_backtracking.c.o[0m
[33.460s] [ 86%] [32mBuilding C object acados/CMakeFiles/acados.dir/ocp_nlp/ocp_nlp_qpscaling.c.o[0m
[33.463s] [ 87%] [32mBuilding C object acados/CMakeFiles/acados.dir/ocp_nlp/ocp_nlp_reg_common.c.o[0m
[33.482s] [ 87%] [32mBuilding C object acados/CMakeFiles/acados.dir/ocp_nlp/ocp_nlp_reg_convexify.c.o[0m
[33.582s] [ 87%] [32mBuilding C object acados/CMakeFiles/acados.dir/ocp_nlp/ocp_nlp_reg_glm.c.o[0m
[33.682s] [ 88%] [32mBuilding C object acados/CMakeFiles/acados.dir/ocp_nlp/ocp_nlp_reg_mirror.c.o[0m
[33.706s] [ 88%] [32mBuilding C object acados/CMakeFiles/acados.dir/ocp_nlp/ocp_nlp_reg_noreg.c.o[0m
[34.106s] [ 89%] [32mBuilding C object acados/CMakeFiles/acados.dir/ocp_nlp/ocp_nlp_reg_project.c.o[0m
[34.229s] [ 89%] [32mBuilding C object acados/CMakeFiles/acados.dir/ocp_nlp/ocp_nlp_reg_project_reduc_hess.c.o[0m
[34.252s] [ 89%] [32mBuilding C object acados/CMakeFiles/acados.dir/ocp_nlp/ocp_nlp_sqp.c.o[0m
[34.293s] [ 90%] [32mBuilding C object acados/CMakeFiles/acados.dir/ocp_nlp/ocp_nlp_sqp_rti.c.o[0m
[34.432s] [ 90%] [32mBuilding C object acados/CMakeFiles/acados.dir/ocp_nlp/ocp_nlp_sqp_with_feasible_qp.c.o[0m
[34.461s] [ 91%] [32mBuilding C object acados/CMakeFiles/acados.dir/ocp_qp/ocp_qp_common.c.o[0m
[34.461s] [ 91%] [32mBuilding C object acados/CMakeFiles/acados.dir/ocp_qp/ocp_qp_common_frontend.c.o[0m
[34.640s] [ 91%] [32mBuilding C object acados/CMakeFiles/acados.dir/ocp_qp/ocp_qp_full_condensing.c.o[0m
[34.756s] [ 92%] [32mBuilding C object acados/CMakeFiles/acados.dir/ocp_qp/ocp_qp_hpipm.c.o[0m
[35.092s] [ 92%] [32mBuilding C object acados/CMakeFiles/acados.dir/ocp_qp/ocp_qp_partial_condensing.c.o[0m
[35.121s] [ 93%] [32mBuilding C object acados/CMakeFiles/acados.dir/ocp_qp/ocp_qp_xcond_solver.c.o[0m
[35.168s] [ 93%] [32mBuilding C object acados/CMakeFiles/acados.dir/sim/sim_collocation_utils.c.o[0m
[35.196s] [ 93%] [32mBuilding C object acados/CMakeFiles/acados.dir/sim/sim_common.c.o[0m
[35.223s] [ 94%] [32mBuilding C object acados/CMakeFiles/acados.dir/sim/sim_erk_integrator.c.o[0m
[35.325s] [ 94%] [32mBuilding C object acados/CMakeFiles/acados.dir/sim/sim_gnsf.c.o[0m
[35.383s] [ 95%] [32mBuilding C object acados/CMakeFiles/acados.dir/sim/sim_irk_integrator.c.o[0m
[35.384s] [ 95%] [32mBuilding C object acados/CMakeFiles/acados.dir/sim/sim_lifted_irk_integrator.c.o[0m
[35.575s] [ 95%] [32mBuilding C object acados/CMakeFiles/acados.dir/utils/external_function_generic.c.o[0m
[35.659s] [ 96%] [32mBuilding C object acados/CMakeFiles/acados.dir/utils/math.c.o[0m
[35.726s] [ 96%] [32mBuilding C object acados/CMakeFiles/acados.dir/utils/mem.c.o[0m
[35.844s] [ 96%] [32mBuilding C object acados/CMakeFiles/acados.dir/utils/print.c.o[0m
[35.866s] [ 97%] [32mBuilding C object acados/CMakeFiles/acados.dir/utils/timing.c.o[0m
[35.993s] [ 97%] [32mBuilding C object acados/CMakeFiles/acados.dir/__/interfaces/acados_c/external_function_interface.c.o[0m
[36.018s] [ 98%] [32mBuilding C object acados/CMakeFiles/acados.dir/__/interfaces/acados_c/dense_qp_interface.c.o[0m
[36.127s] [ 98%] [32mBuilding C object acados/CMakeFiles/acados.dir/__/interfaces/acados_c/ocp_nlp_interface.c.o[0m
[36.273s] [ 98%] [32mBuilding C object acados/CMakeFiles/acados.dir/__/interfaces/acados_c/ocp_qp_interface.c.o[0m
[36.285s] [ 99%] [32mBuilding C object acados/CMakeFiles/acados.dir/__/interfaces/acados_c/condensing_interface.c.o[0m
[36.315s] [ 99%] [32mBuilding C object acados/CMakeFiles/acados.dir/__/interfaces/acados_c/sim_interface.c.o[0m
[38.496s] [100%] [32m[1mLinking C shared library libacados.so[0m
[38.761s] [100%] Built target acados
[38.779s] Invoked command in '/workspace/build/acados' returned '0': /usr/bin/cmake --build /workspace/build/acados -- -j12 -l12
[38.781s] Invoking command in '/workspace/build/acados': /usr/bin/cmake --install /workspace/build/acados
[38.791s] -- Install configuration: "RelWithDebInfo"
[38.791s] -- Installing: /workspace/install/RelWithDebInfo/acados/lib/libacados.so
[38.794s] -- Set runtime path of "/workspace/install/RelWithDebInfo/acados/lib/libacados.so" to ""
[38.794s] -- Installing: /workspace/install/RelWithDebInfo/acados/include/acados
[38.795s] -- Installing: /workspace/install/RelWithDebInfo/acados/include/acados/ocp_qp
[38.795s] -- Installing: /workspace/install/RelWithDebInfo/acados/include/acados/ocp_qp/ocp_qp_common.h
[38.795s] -- Installing: /workspace/install/RelWithDebInfo/acados/include/acados/ocp_qp/ocp_qp_ooqp.h
[38.795s] -- Installing: /workspace/install/RelWithDebInfo/acados/include/acados/ocp_qp/ocp_qp_qpdunes.h
[38.795s] -- Installing: /workspace/install/RelWithDebInfo/acados/include/acados/ocp_qp/ocp_qp_full_condensing.h
[38.795s] -- Installing: /workspace/install/RelWithDebInfo/acados/include/acados/ocp_qp/ocp_qp_hpipm.h
[38.796s] -- Installing: /workspace/install/RelWithDebInfo/acados/include/acados/ocp_qp/ocp_qp_osqp.h
[38.796s] -- Installing: /workspace/install/RelWithDebInfo/acados/include/acados/ocp_qp/ocp_qp_partial_condensing.h
[38.796s] -- Installing: /workspace/install/RelWithDebInfo/acados/include/acados/ocp_qp/ocp_qp_common_frontend.h
[38.796s] -- Installing: /workspace/install/RelWithDebInfo/acados/include/acados/ocp_qp/ocp_qp_hpmpc.h
[38.797s] -- Installing: /workspace/install/RelWithDebInfo/acados/include/acados/ocp_qp/ocp_qp_xcond_solver.h
[38.797s] -- Installing: /workspace/install/RelWithDebInfo/acados/include/acados/utils
[38.797s] -- Installing: /workspace/install/RelWithDebInfo/acados/include/acados/utils/timing.h
[38.797s] -- Installing: /workspace/install/RelWithDebInfo/acados/include/acados/utils/mem.h
[38.797s] -- Installing: /workspace/install/RelWithDebInfo/acados/include/acados/utils/strsep.h
[38.797s] -- Installing: /workspace/install/RelWithDebInfo/acados/include/acados/utils/print.h
[38.797s] -- Installing: /workspace/install/RelWithDebInfo/acados/include/acados/utils/types.h
[38.798s] -- Installing: /workspace/install/RelWithDebInfo/acados/include/acados/utils/math.h
[38.798s] -- Installing: /workspace/install/RelWithDebInfo/acados/include/acados/utils/external_function_generic.h
[38.798s] -- Installing: /workspace/install/RelWithDebInfo/acados/include/acados/sim
[38.798s] -- Installing: /workspace/install/RelWithDebInfo/acados/include/acados/sim/sim_irk_integrator.h
[38.798s] -- Installing: /workspace/install/RelWithDebInfo/acados/include/acados/sim/sim_collocation_utils.h
[38.800s] -- Installing: /workspace/install/RelWithDebInfo/acados/include/acados/sim/sim_common.h
[38.800s] -- Installing: /workspace/install/RelWithDebInfo/acados/include/acados/sim/sim_lifted_irk_integrator.h
[38.801s] -- Installing: /workspace/install/RelWithDebInfo/acados/include/acados/sim/sim_gnsf.h
[38.801s] -- Installing: /workspace/install/RelWithDebInfo/acados/include/acados/sim/sim_erk_integrator.h
[38.801s] -- Installing: /workspace/install/RelWithDebInfo/acados/include/acados/ocp_nlp
[38.801s] -- Installing: /workspace/install/RelWithDebInfo/acados/include/acados/ocp_nlp/ocp_nlp_reg_project.h
[38.801s] -- Installing: /workspace/install/RelWithDebInfo/acados/include/acados/ocp_nlp/ocp_nlp_globalization_common.h
[38.801s] -- Installing: /workspace/install/RelWithDebInfo/acados/include/acados/ocp_nlp/ocp_nlp_sqp.h
[38.801s] -- Installing: /workspace/install/RelWithDebInfo/acados/include/acados/ocp_nlp/ocp_nlp_globalization_funnel.h
[38.802s] -- Installing: /workspace/install/RelWithDebInfo/acados/include/acados/ocp_nlp/ocp_nlp_globalization_merit_backtracking.h
[38.802s] -- Installing: /workspace/install/RelWithDebInfo/acados/include/acados/ocp_nlp/ocp_nlp_constraints_bgp.h
[38.802s] -- Installing: /workspace/install/RelWithDebInfo/acados/include/acados/ocp_nlp/ocp_nlp_cost_nls.h
[38.803s] -- Installing: /workspace/install/RelWithDebInfo/acados/include/acados/ocp_nlp/ocp_nlp_reg_noreg.h
[38.804s] -- Installing: /workspace/install/RelWithDebInfo/acados/include/acados/ocp_nlp/ocp_nlp_cost_common.h
[38.804s] -- Installing: /workspace/install/RelWithDebInfo/acados/include/acados/ocp_nlp/ocp_nlp_cost_ls.h
[38.804s] -- Installing: /workspace/install/RelWithDebInfo/acados/include/acados/ocp_nlp/ocp_nlp_dynamics_cont.h
[38.805s] -- Installing: /workspace/install/RelWithDebInfo/acados/include/acados/ocp_nlp/ocp_nlp_reg_convexify.h
[38.805s] -- Installing: /workspace/install/RelWithDebInfo/acados/include/acados/ocp_nlp/ocp_nlp_globalization_fixed_step.h
[38.805s] -- Installing: /workspace/install/RelWithDebInfo/acados/include/acados/ocp_nlp/ocp_nlp_reg_common.h
[38.805s] -- Installing: /workspace/install/RelWithDebInfo/acados/include/acados/ocp_nlp/ocp_nlp_common.h
[38.805s] -- Installing: /workspace/install/RelWithDebInfo/acados/include/acados/ocp_nlp/ocp_nlp_cost_external.h
[38.805s] -- Installing: /workspace/install/RelWithDebInfo/acados/include/acados/ocp_nlp/ocp_nlp_dynamics_common.h
[38.806s] -- Installing: /workspace/install/RelWithDebInfo/acados/include/acados/ocp_nlp/ocp_nlp_ddp.h
[38.806s] -- Installing: /workspace/install/RelWithDebInfo/acados/include/acados/ocp_nlp/ocp_nlp_dynamics_disc.h
[38.806s] -- Installing: /workspace/install/RelWithDebInfo/acados/include/acados/ocp_nlp/ocp_nlp_reg_project_reduc_hess.h
[38.807s] -- Installing: /workspace/install/RelWithDebInfo/acados/include/acados/ocp_nlp/ocp_nlp_cost_conl.h
[38.807s] -- Installing: /workspace/install/RelWithDebInfo/acados/include/acados/ocp_nlp/ocp_nlp_qpscaling.h
[38.807s] -- Installing: /workspace/install/RelWithDebInfo/acados/include/acados/ocp_nlp/ocp_nlp_reg_glm.h
[38.807s] -- Installing: /workspace/install/RelWithDebInfo/acados/include/acados/ocp_nlp/ocp_nlp_constraints_common.h
[38.807s] -- Installing: /workspace/install/RelWithDebInfo/acados/include/acados/ocp_nlp/ocp_nlp_sqp_with_feasible_qp.h
[38.807s] -- Installing: /workspace/install/RelWithDebInfo/acados/include/acados/ocp_nlp/ocp_nlp_reg_mirror.h
[38.808s] -- Installing: /workspace/install/RelWithDebInfo/acados/include/acados/ocp_nlp/ocp_nlp_constraints_bgh.h
[38.808s] -- Installing: /workspace/install/RelWithDebInfo/acados/include/acados/ocp_nlp/ocp_nlp_sqp_rti.h
[38.808s] -- Installing: /workspace/install/RelWithDebInfo/acados/include/acados/dense_qp
[38.809s] -- Installing: /workspace/install/RelWithDebInfo/acados/include/acados/dense_qp/dense_qp_qore.h
[38.809s] -- Installing: /workspace/install/RelWithDebInfo/acados/include/acados/dense_qp/dense_qp_common.h
[38.809s] -- Installing: /workspace/install/RelWithDebInfo/acados/include/acados/dense_qp/dense_qp_ooqp.h
[38.810s] -- Installing: /workspace/install/RelWithDebInfo/acados/include/acados/dense_qp/dense_qp_hpipm.h
[38.810s] -- Installing: /workspace/install/RelWithDebInfo/acados/include/acados/dense_qp/dense_qp_qpoases.h
[38.810s] -- Installing: /workspace/install/RelWithDebInfo/acados/include/acados/dense_qp/dense_qp_daqp.h
[38.810s] -- Installing: /workspace/install/RelWithDebInfo/acados/cmake/acadosTargets.cmake
[38.810s] -- Installing: /workspace/install/RelWithDebInfo/acados/cmake/acadosTargets-relwithdebinfo.cmake
[38.811s] -- Installing: /workspace/install/RelWithDebInfo/acados/cmake/acadosConfig.cmake
[38.811s] -- Installing: /workspace/install/RelWithDebInfo/acados/cmake/FindEigen3.cmake
[38.811s] -- Installing: /workspace/install/RelWithDebInfo/acados/cmake/FindFortranLibs.cmake
[38.811s] -- Installing: /workspace/install/RelWithDebInfo/acados/cmake/FindOpenBLAS.cmake
[38.811s] -- Installing: /workspace/install/RelWithDebInfo/acados/include/acados_c
[38.812s] -- Installing: /workspace/install/RelWithDebInfo/acados/include/acados_c/ocp_nlp_interface.h
[38.812s] -- Installing: /workspace/install/RelWithDebInfo/acados/include/acados_c/sim_interface.h
[38.812s] -- Installing: /workspace/install/RelWithDebInfo/acados/include/acados_c/ocp_qp_interface.h
[38.812s] -- Installing: /workspace/install/RelWithDebInfo/acados/include/acados_c/external_function_interface.h
[38.812s] -- Installing: /workspace/install/RelWithDebInfo/acados/include/acados_c/dense_qp_interface.h
[38.812s] -- Installing: /workspace/install/RelWithDebInfo/acados/include/acados_c/condensing_interface.h
[38.812s] -- Installing: /workspace/install/RelWithDebInfo/acados/lib/libblasfeo.so
[38.819s] -- Installing: /workspace/install/RelWithDebInfo/acados/cmake/blasfeoConfig.cmake
[38.819s] -- Installing: /workspace/install/RelWithDebInfo/acados/cmake/blasfeoConfig-relwithdebinfo.cmake
[38.820s] -- Installing: /workspace/install/RelWithDebInfo/acados/include/blasfeo/include/blasfeo.h
[38.820s] -- Installing: /workspace/install/RelWithDebInfo/acados/include/blasfeo/include/blasfeo_align.h
[38.820s] -- Installing: /workspace/install/RelWithDebInfo/acados/include/blasfeo/include/blasfeo_block_size.h
[38.820s] -- Installing: /workspace/install/RelWithDebInfo/acados/include/blasfeo/include/blasfeo_common.h
[38.820s] -- Installing: /workspace/install/RelWithDebInfo/acados/include/blasfeo/include/blasfeo_d_aux.h
[38.821s] -- Installing: /workspace/install/RelWithDebInfo/acados/include/blasfeo/include/blasfeo_d_aux_ext_dep.h
[38.821s] -- Installing: /workspace/install/RelWithDebInfo/acados/include/blasfeo/include/blasfeo_d_aux_ext_dep_ref.h
[38.821s] -- Installing: /workspace/install/RelWithDebInfo/acados/include/blasfeo/include/blasfeo_d_aux_old.h
[38.821s] -- Installing: /workspace/install/RelWithDebInfo/acados/include/blasfeo/include/blasfeo_d_aux_ref.h
[38.821s] -- Installing: /workspace/install/RelWithDebInfo/acados/include/blasfeo/include/blasfeo_d_aux_test.h
[38.822s] -- Installing: /workspace/install/RelWithDebInfo/acados/include/blasfeo/include/blasfeo_d_blas.h
[38.822s] -- Installing: /workspace/install/RelWithDebInfo/acados/include/blasfeo/include/blasfeo_d_blas_api.h
[38.822s] -- Installing: /workspace/install/RelWithDebInfo/acados/include/blasfeo/include/blasfeo_d_blasfeo_api.h
[38.822s] -- Installing: /workspace/install/RelWithDebInfo/acados/include/blasfeo/include/blasfeo_d_blasfeo_api_ref.h
[38.822s] -- Installing: /workspace/install/RelWithDebInfo/acados/include/blasfeo/include/blasfeo_d_blasfeo_hp_api.h
[38.823s] -- Installing: /workspace/install/RelWithDebInfo/acados/include/blasfeo/include/blasfeo_d_blasfeo_ref_api.h
[38.823s] -- Installing: /workspace/install/RelWithDebInfo/acados/include/blasfeo/include/blasfeo_d_kernel.h
[38.823s] -- Installing: /workspace/install/RelWithDebInfo/acados/include/blasfeo/include/blasfeo_i_aux_ext_dep.h
[38.824s] -- Installing: /workspace/install/RelWithDebInfo/acados/include/blasfeo/include/blasfeo_m_aux.h
[38.824s] -- Installing: /workspace/install/RelWithDebInfo/acados/include/blasfeo/include/blasfeo_memory.h
[38.824s] -- Installing: /workspace/install/RelWithDebInfo/acados/include/blasfeo/include/blasfeo_naming.h
[38.824s] -- Installing: /workspace/install/RelWithDebInfo/acados/include/blasfeo/include/blasfeo_processor_features.h
[38.824s] -- Installing: /workspace/install/RelWithDebInfo/acados/include/blasfeo/include/blasfeo_s_aux.h
[38.825s] -- Installing: /workspace/install/RelWithDebInfo/acados/include/blasfeo/include/blasfeo_s_aux_ext_dep.h
[38.825s] -- Installing: /workspace/install/RelWithDebInfo/acados/include/blasfeo/include/blasfeo_s_aux_ext_dep_ref.h
[38.825s] -- Installing: /workspace/install/RelWithDebInfo/acados/include/blasfeo/include/blasfeo_s_aux_old.h
[38.825s] -- Installing: /workspace/install/RelWithDebInfo/acados/include/blasfeo/include/blasfeo_s_aux_ref.h
[38.825s] -- Installing: /workspace/install/RelWithDebInfo/acados/include/blasfeo/include/blasfeo_s_aux_test.h
[38.825s] -- Installing: /workspace/install/RelWithDebInfo/acados/include/blasfeo/include/blasfeo_s_blas.h
[38.826s] -- Installing: /workspace/install/RelWithDebInfo/acados/include/blasfeo/include/blasfeo_s_blas_api.h
[38.826s] -- Installing: /workspace/install/RelWithDebInfo/acados/include/blasfeo/include/blasfeo_s_blasfeo_api.h
[38.826s] -- Installing: /workspace/install/RelWithDebInfo/acados/include/blasfeo/include/blasfeo_s_blasfeo_api_ref.h
[38.826s] -- Installing: /workspace/install/RelWithDebInfo/acados/include/blasfeo/include/blasfeo_s_blasfeo_ref_api.h
[38.827s] -- Installing: /workspace/install/RelWithDebInfo/acados/include/blasfeo/include/blasfeo_s_kernel.h
[38.827s] -- Installing: /workspace/install/RelWithDebInfo/acados/include/blasfeo/include/blasfeo_stdlib.h
[38.827s] -- Installing: /workspace/install/RelWithDebInfo/acados/include/blasfeo/include/blasfeo_target.h
[38.827s] -- Installing: /workspace/install/RelWithDebInfo/acados/include/blasfeo/include/blasfeo_timing.h
[38.828s] -- Installing: /workspace/install/RelWithDebInfo/acados/include/blasfeo/include/blasfeo_v_aux_ext_dep.h
[38.828s] -- Installing: /workspace/install/RelWithDebInfo/acados/include/blasfeo/include/d_blas.h
[38.828s] -- Installing: /workspace/install/RelWithDebInfo/acados/include/blasfeo/include/d_blas_64.h
[38.828s] -- Installing: /workspace/install/RelWithDebInfo/acados/include/blasfeo/include/s_blas.h
[38.828s] -- Installing: /workspace/install/RelWithDebInfo/acados/include/blasfeo/include/s_blas_64.h
[38.830s] -- Installing: /workspace/install/RelWithDebInfo/acados/lib/libhpipm.so
[38.837s] -- Set runtime path of "/workspace/install/RelWithDebInfo/acados/lib/libhpipm.so" to ""
[38.837s] -- Installing: /workspace/install/RelWithDebInfo/acados/cmake/hpipmConfig.cmake
[38.837s] -- Installing: /workspace/install/RelWithDebInfo/acados/cmake/hpipmConfig-relwithdebinfo.cmake
[38.838s] -- Installing: /workspace/install/RelWithDebInfo/acados/include/hpipm/include/hpipm_aux_mem.h
[38.839s] -- Installing: /workspace/install/RelWithDebInfo/acados/include/hpipm/include/hpipm_aux_string.h
[38.839s] -- Installing: /workspace/install/RelWithDebInfo/acados/include/hpipm/include/hpipm_common.h
[38.839s] -- Installing: /workspace/install/RelWithDebInfo/acados/include/hpipm/include/hpipm_d_cast_qcqp.h
[38.839s] -- Installing: /workspace/install/RelWithDebInfo/acados/include/hpipm/include/hpipm_d_cond.h
[38.839s] -- Installing: /workspace/install/RelWithDebInfo/acados/include/hpipm/include/hpipm_d_cond_aux.h
[38.840s] -- Installing: /workspace/install/RelWithDebInfo/acados/include/hpipm/include/hpipm_d_cond_qcqp.h
[38.840s] -- Installing: /workspace/install/RelWithDebInfo/acados/include/hpipm/include/hpipm_d_core_qp_ipm.h
[38.840s] -- Installing: /workspace/install/RelWithDebInfo/acados/include/hpipm/include/hpipm_d_core_qp_ipm_aux.h
[38.840s] -- Installing: /workspace/install/RelWithDebInfo/acados/include/hpipm/include/hpipm_d_dense_qcqp.h
[38.841s] -- Installing: /workspace/install/RelWithDebInfo/acados/include/hpipm/include/hpipm_d_dense_qcqp_dim.h
[38.841s] -- Installing: /workspace/install/RelWithDebInfo/acados/include/hpipm/include/hpipm_d_dense_qcqp_ipm.h
[38.841s] -- Installing: /workspace/install/RelWithDebInfo/acados/include/hpipm/include/hpipm_d_dense_qcqp_res.h
[38.841s] -- Installing: /workspace/install/RelWithDebInfo/acados/include/hpipm/include/hpipm_d_dense_qcqp_sol.h
[38.842s] -- Installing: /workspace/install/RelWithDebInfo/acados/include/hpipm/include/hpipm_d_dense_qcqp_utils.h
[38.842s] -- Installing: /workspace/install/RelWithDebInfo/acados/include/hpipm/include/hpipm_d_dense_qp.h
[38.842s] -- Installing: /workspace/install/RelWithDebInfo/acados/include/hpipm/include/hpipm_d_dense_qp_dim.h
[38.842s] -- Installing: /workspace/install/RelWithDebInfo/acados/include/hpipm/include/hpipm_d_dense_qp_ipm.h
[38.842s] -- Installing: /workspace/install/RelWithDebInfo/acados/include/hpipm/include/hpipm_d_dense_qp_kkt.h
[38.843s] -- Installing: /workspace/install/RelWithDebInfo/acados/include/hpipm/include/hpipm_d_dense_qp_res.h
[38.843s] -- Installing: /workspace/install/RelWithDebInfo/acados/include/hpipm/include/hpipm_d_dense_qp_seed.h
[38.843s] -- Installing: /workspace/install/RelWithDebInfo/acados/include/hpipm/include/hpipm_d_dense_qp_sol.h
[38.843s] -- Installing: /workspace/install/RelWithDebInfo/acados/include/hpipm/include/hpipm_d_dense_qp_utils.h
[38.844s] -- Installing: /workspace/install/RelWithDebInfo/acados/include/hpipm/include/hpipm_d_ocp_qcqp.h
[38.844s] -- Installing: /workspace/install/RelWithDebInfo/acados/include/hpipm/include/hpipm_d_ocp_qcqp_dim.h
[38.844s] -- Installing: /workspace/install/RelWithDebInfo/acados/include/hpipm/include/hpipm_d_ocp_qcqp_ipm.h
[38.844s] -- Installing: /workspace/install/RelWithDebInfo/acados/include/hpipm/include/hpipm_d_ocp_qcqp_red.h
[38.845s] -- Installing: /workspace/install/RelWithDebInfo/acados/include/hpipm/include/hpipm_d_ocp_qcqp_res.h
[38.845s] -- Installing: /workspace/install/RelWithDebInfo/acados/include/hpipm/include/hpipm_d_ocp_qcqp_sol.h
[38.845s] -- Installing: /workspace/install/RelWithDebInfo/acados/include/hpipm/include/hpipm_d_ocp_qcqp_utils.h
[38.845s] -- Installing: /workspace/install/RelWithDebInfo/acados/include/hpipm/include/hpipm_d_ocp_qp.h
[38.846s] -- Installing: /workspace/install/RelWithDebInfo/acados/include/hpipm/include/hpipm_d_ocp_qp_dim.h
[38.846s] -- Installing: /workspace/install/RelWithDebInfo/acados/include/hpipm/include/hpipm_d_ocp_qp_ipm.h
[38.846s] -- Installing: /workspace/install/RelWithDebInfo/acados/include/hpipm/include/hpipm_d_ocp_qp_kkt.h
[38.846s] -- Installing: /workspace/install/RelWithDebInfo/acados/include/hpipm/include/hpipm_d_ocp_qp_red.h
[38.846s] -- Installing: /workspace/install/RelWithDebInfo/acados/include/hpipm/include/hpipm_d_ocp_qp_res.h
[38.847s] -- Installing: /workspace/install/RelWithDebInfo/acados/include/hpipm/include/hpipm_d_ocp_qp_seed.h
[38.847s] -- Installing: /workspace/install/RelWithDebInfo/acados/include/hpipm/include/hpipm_d_ocp_qp_sol.h
[38.847s] -- Installing: /workspace/install/RelWithDebInfo/acados/include/hpipm/include/hpipm_d_ocp_qp_solver.h
[38.847s] -- Installing: /workspace/install/RelWithDebInfo/acados/include/hpipm/include/hpipm_d_ocp_qp_utils.h
[38.848s] -- Installing: /workspace/install/RelWithDebInfo/acados/include/hpipm/include/hpipm_d_part_cond.h
[38.848s] -- Installing: /workspace/install/RelWithDebInfo/acados/include/hpipm/include/hpipm_d_part_cond_qcqp.h
[38.848s] -- Installing: /workspace/install/RelWithDebInfo/acados/include/hpipm/include/hpipm_d_sim_erk.h
[38.848s] -- Installing: /workspace/install/RelWithDebInfo/acados/include/hpipm/include/hpipm_d_sim_rk.h
[38.849s] -- Installing: /workspace/install/RelWithDebInfo/acados/include/hpipm/include/hpipm_d_tree_ocp_qcqp.h
[38.849s] -- Installing: /workspace/install/RelWithDebInfo/acados/include/hpipm/include/hpipm_d_tree_ocp_qcqp_dim.h
[38.849s] -- Installing: /workspace/install/RelWithDebInfo/acados/include/hpipm/include/hpipm_d_tree_ocp_qcqp_ipm.h
[38.849s] -- Installing: /workspace/install/RelWithDebInfo/acados/include/hpipm/include/hpipm_d_tree_ocp_qcqp_res.h
[38.850s] -- Installing: /workspace/install/RelWithDebInfo/acados/include/hpipm/include/hpipm_d_tree_ocp_qcqp_sol.h
[38.850s] -- Installing: /workspace/install/RelWithDebInfo/acados/include/hpipm/include/hpipm_d_tree_ocp_qcqp_utils.h
[38.850s] -- Installing: /workspace/install/RelWithDebInfo/acados/include/hpipm/include/hpipm_d_tree_ocp_qp.h
[38.850s] -- Installing: /workspace/install/RelWithDebInfo/acados/include/hpipm/include/hpipm_d_tree_ocp_qp_dim.h
[38.851s] -- Installing: /workspace/install/RelWithDebInfo/acados/include/hpipm/include/hpipm_d_tree_ocp_qp_ipm.h
[38.851s] -- Installing: /workspace/install/RelWithDebInfo/acados/include/hpipm/include/hpipm_d_tree_ocp_qp_kkt.h
[38.851s] -- Installing: /workspace/install/RelWithDebInfo/acados/include/hpipm/include/hpipm_d_tree_ocp_qp_res.h
[38.851s] -- Installing: /workspace/install/RelWithDebInfo/acados/include/hpipm/include/hpipm_d_tree_ocp_qp_sol.h
[38.852s] -- Installing: /workspace/install/RelWithDebInfo/acados/include/hpipm/include/hpipm_d_tree_ocp_qp_utils.h
[38.852s] -- Installing: /workspace/install/RelWithDebInfo/acados/include/hpipm/include/hpipm_m_dense_qp.h
[38.852s] -- Installing: /workspace/install/RelWithDebInfo/acados/include/hpipm/include/hpipm_m_dense_qp_dim.h
[38.852s] -- Installing: /workspace/install/RelWithDebInfo/acados/include/hpipm/include/hpipm_m_ocp_qp.h
[38.853s] -- Installing: /workspace/install/RelWithDebInfo/acados/include/hpipm/include/hpipm_m_ocp_qp_ipm_hard.h
[38.853s] -- Installing: /workspace/install/RelWithDebInfo/acados/include/hpipm/include/hpipm_m_ocp_qp_kkt.h
[38.853s] -- Installing: /workspace/install/RelWithDebInfo/acados/include/hpipm/include/hpipm_s_cast_qcqp.h
[38.853s] -- Installing: /workspace/install/RelWithDebInfo/acados/include/hpipm/include/hpipm_s_cond.h
[38.853s] -- Installing: /workspace/install/RelWithDebInfo/acados/include/hpipm/include/hpipm_s_cond_aux.h
[38.854s] -- Installing: /workspace/install/RelWithDebInfo/acados/include/hpipm/include/hpipm_s_cond_qcqp.h
[38.854s] -- Installing: /workspace/install/RelWithDebInfo/acados/include/hpipm/include/hpipm_s_core_qp_ipm.h
[38.854s] -- Installing: /workspace/install/RelWithDebInfo/acados/include/hpipm/include/hpipm_s_core_qp_ipm_aux.h
[38.854s] -- Installing: /workspace/install/RelWithDebInfo/acados/include/hpipm/include/hpipm_s_dense_qcqp.h
[38.855s] -- Installing: /workspace/install/RelWithDebInfo/acados/include/hpipm/include/hpipm_s_dense_qcqp_dim.h
[38.855s] -- Installing: /workspace/install/RelWithDebInfo/acados/include/hpipm/include/hpipm_s_dense_qcqp_ipm.h
[38.855s] -- Installing: /workspace/install/RelWithDebInfo/acados/include/hpipm/include/hpipm_s_dense_qcqp_res.h
[38.855s] -- Installing: /workspace/install/RelWithDebInfo/acados/include/hpipm/include/hpipm_s_dense_qcqp_sol.h
[38.856s] -- Installing: /workspace/install/RelWithDebInfo/acados/include/hpipm/include/hpipm_s_dense_qcqp_utils.h
[38.856s] -- Installing: /workspace/install/RelWithDebInfo/acados/include/hpipm/include/hpipm_s_dense_qp.h
[38.856s] -- Installing: /workspace/install/RelWithDebInfo/acados/include/hpipm/include/hpipm_s_dense_qp_dim.h
[38.856s] -- Installing: /workspace/install/RelWithDebInfo/acados/include/hpipm/include/hpipm_s_dense_qp_ipm.h
[38.857s] -- Installing: /workspace/install/RelWithDebInfo/acados/include/hpipm/include/hpipm_s_dense_qp_kkt.h
[38.857s] -- Installing: /workspace/install/RelWithDebInfo/acados/include/hpipm/include/hpipm_s_dense_qp_res.h
[38.857s] -- Installing: /workspace/install/RelWithDebInfo/acados/include/hpipm/include/hpipm_s_dense_qp_seed.h
[38.857s] -- Installing: /workspace/install/RelWithDebInfo/acados/include/hpipm/include/hpipm_s_dense_qp_sol.h
[38.858s] -- Installing: /workspace/install/RelWithDebInfo/acados/include/hpipm/include/hpipm_s_dense_qp_utils.h
[38.858s] -- Installing: /workspace/install/RelWithDebInfo/acados/include/hpipm/include/hpipm_s_ocp_qcqp.h
[38.858s] -- Installing: /workspace/install/RelWithDebInfo/acados/include/hpipm/include/hpipm_s_ocp_qcqp_dim.h
[38.859s] -- Installing: /workspace/install/RelWithDebInfo/acados/include/hpipm/include/hpipm_s_ocp_qcqp_ipm.h
[38.859s] -- Installing: /workspace/install/RelWithDebInfo/acados/include/hpipm/include/hpipm_s_ocp_qcqp_red.h
[38.859s] -- Installing: /workspace/install/RelWithDebInfo/acados/include/hpipm/include/hpipm_s_ocp_qcqp_res.h
[38.859s] -- Installing: /workspace/install/RelWithDebInfo/acados/include/hpipm/include/hpipm_s_ocp_qcqp_sol.h
[38.860s] -- Installing: /workspace/install/RelWithDebInfo/acados/include/hpipm/include/hpipm_s_ocp_qcqp_utils.h
[38.860s] -- Installing: /workspace/install/RelWithDebInfo/acados/include/hpipm/include/hpipm_s_ocp_qp.h
[38.860s] -- Installing: /workspace/install/RelWithDebInfo/acados/include/hpipm/include/hpipm_s_ocp_qp_dim.h
[38.860s] -- Installing: /workspace/install/RelWithDebInfo/acados/include/hpipm/include/hpipm_s_ocp_qp_ipm.h
[38.860s] -- Installing: /workspace/install/RelWithDebInfo/acados/include/hpipm/include/hpipm_s_ocp_qp_kkt.h
[38.860s] -- Installing: /workspace/install/RelWithDebInfo/acados/include/hpipm/include/hpipm_s_ocp_qp_red.h
[38.860s] -- Installing: /workspace/install/RelWithDebInfo/acados/include/hpipm/include/hpipm_s_ocp_qp_res.h
[38.861s] -- Installing: /workspace/install/RelWithDebInfo/acados/include/hpipm/include/hpipm_s_ocp_qp_seed.h
[38.861s] -- Installing: /workspace/install/RelWithDebInfo/acados/include/hpipm/include/hpipm_s_ocp_qp_sol.h
[38.861s] -- Installing: /workspace/install/RelWithDebInfo/acados/include/hpipm/include/hpipm_s_ocp_qp_utils.h
[38.861s] -- Installing: /workspace/install/RelWithDebInfo/acados/include/hpipm/include/hpipm_s_part_cond.h
[38.861s] -- Installing: /workspace/install/RelWithDebInfo/acados/include/hpipm/include/hpipm_s_part_cond_qcqp.h
[38.862s] -- Installing: /workspace/install/RelWithDebInfo/acados/include/hpipm/include/hpipm_s_sim_erk.h
[38.862s] -- Installing: /workspace/install/RelWithDebInfo/acados/include/hpipm/include/hpipm_s_sim_rk.h
[38.862s] -- Installing: /workspace/install/RelWithDebInfo/acados/include/hpipm/include/hpipm_s_tree_ocp_qcqp.h
[38.862s] -- Installing: /workspace/install/RelWithDebInfo/acados/include/hpipm/include/hpipm_s_tree_ocp_qcqp_dim.h
[38.862s] -- Installing: /workspace/install/RelWithDebInfo/acados/include/hpipm/include/hpipm_s_tree_ocp_qcqp_ipm.h
[38.862s] -- Installing: /workspace/install/RelWithDebInfo/acados/include/hpipm/include/hpipm_s_tree_ocp_qcqp_res.h
[38.862s] -- Installing: /workspace/install/RelWithDebInfo/acados/include/hpipm/include/hpipm_s_tree_ocp_qcqp_sol.h
[38.863s] -- Installing: /workspace/install/RelWithDebInfo/acados/include/hpipm/include/hpipm_s_tree_ocp_qcqp_utils.h
[38.863s] -- Installing: /workspace/install/RelWithDebInfo/acados/include/hpipm/include/hpipm_s_tree_ocp_qp.h
[38.863s] -- Installing: /workspace/install/RelWithDebInfo/acados/include/hpipm/include/hpipm_s_tree_ocp_qp_dim.h
[38.863s] -- Installing: /workspace/install/RelWithDebInfo/acados/include/hpipm/include/hpipm_s_tree_ocp_qp_ipm.h
[38.864s] -- Installing: /workspace/install/RelWithDebInfo/acados/include/hpipm/include/hpipm_s_tree_ocp_qp_kkt.h
[38.864s] -- Installing: /workspace/install/RelWithDebInfo/acados/include/hpipm/include/hpipm_s_tree_ocp_qp_res.h
[38.864s] -- Installing: /workspace/install/RelWithDebInfo/acados/include/hpipm/include/hpipm_s_tree_ocp_qp_sol.h
[38.864s] -- Installing: /workspace/install/RelWithDebInfo/acados/include/hpipm/include/hpipm_s_tree_ocp_qp_utils.h
[38.864s] -- Installing: /workspace/install/RelWithDebInfo/acados/include/hpipm/include/hpipm_scenario_tree.h
[38.864s] -- Installing: /workspace/install/RelWithDebInfo/acados/include/hpipm/include/hpipm_timing.h
[38.865s] -- Installing: /workspace/install/RelWithDebInfo/acados/include/hpipm/include/hpipm_tree.h
[38.868s] Invoked command in '/workspace/build/acados' returned '0': /usr/bin/cmake --install /workspace/build/acados
