-- The C compiler identification is GNU 11.4.0
-- The CXX compiler identification is GNU 11.4.0
-- Detecting C compiler ABI info
-- Detecting C compiler ABI info - done
-- Check for working C compiler: /usr/bin/cc - skipped
-- Detecting C compile features
-- Detecting C compile features - done
-- Detecting CXX compiler ABI info
-- Detecting CXX compiler ABI info - done
-- Check for working CXX compiler: /usr/bin/c++ - skipped
-- Detecting CXX compile features
-- Detecting CXX compile features - done
-- Found ament_cmake: 1.3.11 (/opt/ros/humble/share/ament_cmake/cmake)
-- Found Python3: /usr/bin/python3 (found version "3.10.12") found components: Interpreter 
-- Found rclcpp: 16.0.12 (/opt/ros/humble/share/rclcpp/cmake)
-- Found rosidl_generator_c: 3.1.6 (/opt/ros/humble/share/rosidl_generator_c/cmake)
-- Found rosidl_adapter: 3.1.6 (/opt/ros/humble/share/rosidl_adapter/cmake)
-- Found rosidl_generator_cpp: 3.1.6 (/opt/ros/humble/share/rosidl_generator_cpp/cmake)
-- Using all available rosidl_typesupport_c: rosidl_typesupport_fastrtps_c;rosidl_typesupport_introspection_c
-- Using all available rosidl_typesupport_cpp: rosidl_typesupport_fastrtps_cpp;rosidl_typesupport_introspection_cpp
-- Found rmw_implementation_cmake: 6.1.2 (/opt/ros/humble/share/rmw_implementation_cmake/cmake)
-- Found rmw_fastrtps_cpp: 6.2.7 (/opt/ros/humble/share/rmw_fastrtps_cpp/cmake)
-- Found OpenSSL: /usr/lib/x86_64-linux-gnu/libcrypto.so (found version "3.0.2")  
-- Found FastRTPS: /opt/ros/humble/include  
-- Using RMW implementation 'rmw_fastrtps_cpp' as default
-- Looking for pthread.h
-- Looking for pthread.h - found
-- Performing Test CMAKE_HAVE_LIBC_PTHREAD
-- Performing Test CMAKE_HAVE_LIBC_PTHREAD - Success
-- Found Threads: TRUE  
-- Found geometry_msgs: 4.9.0 (/opt/ros/humble/share/geometry_msgs/cmake)
-- Found visualization_msgs: 4.9.0 (/opt/ros/humble/share/visualization_msgs/cmake)
-- Found tf2: 0.25.13 (/opt/ros/humble/share/tf2/cmake)
-- Found tf2_ros: 0.25.13 (/opt/ros/humble/share/tf2_ros/cmake)
-- Found eigen3_cmake_module: 0.1.1 (/opt/ros/humble/share/eigen3_cmake_module/cmake)
-- Found Eigen3: TRUE (found version "3.4.0") 
-- Configuring done
-- Generating done
[33mCMake Warning:
  Manually-specified variables were not used by the project:

    PYTHON_VERSION

[0m
-- Build files have been written to: /workspace/build/ros_tools
[ 10%] [32mBuilding CXX object CMakeFiles/ros_tools.dir/src/ros_visuals.cpp.o[0m
[ 20%] [32mBuilding CXX object CMakeFiles/ros_tools.dir/src/convertions.cpp.o[0m
[ 30%] [32mBuilding CXX object CMakeFiles/ros_tools.dir/src/third_party/tkspline.cpp.o[0m
[ 50%] [32mBuilding CXX object CMakeFiles/ros_tools.dir/src/spline.cpp.o[0m
[ 50%] [32mBuilding CXX object CMakeFiles/ros_tools.dir/src/random_generator.cpp.o[0m
[ 60%] [32mBuilding CXX object CMakeFiles/ros_tools.dir/src/data_saver.cpp.o[0m
[ 70%] [32mBuilding CXX object CMakeFiles/ros_tools.dir/src/math.cpp.o[0m
[ 80%] [32mBuilding CXX object CMakeFiles/ros_tools.dir/src/profiling.cpp.o[0m
[ 90%] [32mBuilding CXX object CMakeFiles/ros_tools.dir/src/third_party/clothoid.cpp.o[0m
[100%] [32m[1mLinking CXX shared library libros_tools.so[0m
[100%] Built target ros_tools
-- Install configuration: "RelWithDebInfo"
-- Installing: /workspace/install/RelWithDebInfo/ros_tools/lib/libros_tools.so
-- Set runtime path of "/workspace/install/RelWithDebInfo/ros_tools/lib/libros_tools.so" to ""
-- Installing: /workspace/install/RelWithDebInfo/ros_tools/include//ros_tools
-- Installing: /workspace/install/RelWithDebInfo/ros_tools/include//ros_tools/data_saver.h
-- Installing: /workspace/install/RelWithDebInfo/ros_tools/include//ros_tools/logging.h
-- Installing: /workspace/install/RelWithDebInfo/ros_tools/include//ros_tools/profiling.h
-- Installing: /workspace/install/RelWithDebInfo/ros_tools/include//ros_tools/paths.h
-- Installing: /workspace/install/RelWithDebInfo/ros_tools/include//ros_tools/random_generator.h
-- Installing: /workspace/install/RelWithDebInfo/ros_tools/include//ros_tools/ros2_wrappers.h
-- Installing: /workspace/install/RelWithDebInfo/ros_tools/include//ros_tools/base_configuration.h
-- Installing: /workspace/install/RelWithDebInfo/ros_tools/include//ros_tools/projection.h
-- Installing: /workspace/install/RelWithDebInfo/ros_tools/include//ros_tools/visuals.h
-- Installing: /workspace/install/RelWithDebInfo/ros_tools/include//ros_tools/convertions.h
-- Installing: /workspace/install/RelWithDebInfo/ros_tools/include//ros_tools/spline.h
-- Installing: /workspace/install/RelWithDebInfo/ros_tools/include//ros_tools/math.h
-- Installing: /workspace/install/RelWithDebInfo/ros_tools/include//ros_tools/ros_visuals.h
-- Installing: /workspace/install/RelWithDebInfo/ros_tools/include/third_party/
-- Installing: /workspace/install/RelWithDebInfo/ros_tools/include/third_party//tkspline.h
-- Installing: /workspace/install/RelWithDebInfo/ros_tools/include/third_party//clothoid.h
-- Installing: /workspace/install/RelWithDebInfo/ros_tools/share/ros_tools/models
-- Installing: /workspace/install/RelWithDebInfo/ros_tools/share/ros_tools/models/walking.dae
-- Installing: /workspace/install/RelWithDebInfo/ros_tools/share/ros_tools/environment/library_path.sh
-- Installing: /workspace/install/RelWithDebInfo/ros_tools/share/ros_tools/environment/library_path.dsv
-- Installing: /workspace/install/RelWithDebInfo/ros_tools/share/ament_index/resource_index/package_run_dependencies/ros_tools
-- Installing: /workspace/install/RelWithDebInfo/ros_tools/share/ament_index/resource_index/parent_prefix_path/ros_tools
-- Installing: /workspace/install/RelWithDebInfo/ros_tools/share/ros_tools/environment/ament_prefix_path.sh
-- Installing: /workspace/install/RelWithDebInfo/ros_tools/share/ros_tools/environment/ament_prefix_path.dsv
-- Installing: /workspace/install/RelWithDebInfo/ros_tools/share/ros_tools/environment/path.sh
-- Installing: /workspace/install/RelWithDebInfo/ros_tools/share/ros_tools/environment/path.dsv
-- Installing: /workspace/install/RelWithDebInfo/ros_tools/share/ros_tools/local_setup.bash
-- Installing: /workspace/install/RelWithDebInfo/ros_tools/share/ros_tools/local_setup.sh
-- Installing: /workspace/install/RelWithDebInfo/ros_tools/share/ros_tools/local_setup.zsh
-- Installing: /workspace/install/RelWithDebInfo/ros_tools/share/ros_tools/local_setup.dsv
-- Installing: /workspace/install/RelWithDebInfo/ros_tools/share/ros_tools/package.dsv
-- Installing: /workspace/install/RelWithDebInfo/ros_tools/share/ament_index/resource_index/packages/ros_tools
-- Installing: /workspace/install/RelWithDebInfo/ros_tools/share/ros_tools/cmake/export_ros_toolsExport.cmake
-- Installing: /workspace/install/RelWithDebInfo/ros_tools/share/ros_tools/cmake/export_ros_toolsExport-relwithdebinfo.cmake
-- Installing: /workspace/install/RelWithDebInfo/ros_tools/share/ros_tools/cmake/ament_cmake_export_targets-extras.cmake
-- Installing: /workspace/install/RelWithDebInfo/ros_tools/share/ros_tools/cmake/ament_cmake_export_dependencies-extras.cmake
-- Installing: /workspace/install/RelWithDebInfo/ros_tools/share/ros_tools/cmake/ros_toolsConfig.cmake
-- Installing: /workspace/install/RelWithDebInfo/ros_tools/share/ros_tools/cmake/ros_toolsConfig-version.cmake
-- Installing: /workspace/install/RelWithDebInfo/ros_tools/share/ros_tools/package.xml
