[0.024s] Invoking command in '/workspace/build/ros_tools': CMAKE_PREFIX_PATH=/opt/ros/humble /usr/bin/cmake /workspace/src/ros_tools -DCMAKE_BUILD_TYPE=RelWithDebInfo -DPYTHON_VERSION=3 -DCMAKE_INSTALL_PREFIX=/workspace/install/RelWithDebInfo/ros_tools
[0.110s] -- The C compiler identification is GNU 11.4.0
[0.187s] -- The CXX compiler identification is GNU 11.4.0
[0.197s] -- Detecting C compiler ABI info
[0.299s] -- Detecting C compiler ABI info - done
[0.309s] -- Check for working C compiler: /usr/bin/cc - skipped
[0.309s] -- Detecting C compile features
[0.310s] -- Detecting C compile features - done
[0.314s] -- Detecting CXX compiler ABI info
[0.427s] -- Detecting CXX compiler ABI info - done
[0.438s] -- Check for working CXX compiler: /usr/bin/c++ - skipped
[0.438s] -- Detecting CXX compile features
[0.439s] -- Detecting CXX compile features - done
[0.449s] -- Found ament_cmake: 1.3.11 (/opt/ros/humble/share/ament_cmake/cmake)
[0.674s] -- Found Python3: /usr/bin/python3 (found version "3.10.12") found components: Interpreter 
[0.814s] -- Found rclcpp: 16.0.12 (/opt/ros/humble/share/rclcpp/cmake)
[0.898s] -- Found rosidl_generator_c: 3.1.6 (/opt/ros/humble/share/rosidl_generator_c/cmake)
[0.906s] -- Found rosidl_adapter: 3.1.6 (/opt/ros/humble/share/rosidl_adapter/cmake)
[0.934s] -- Found rosidl_generator_cpp: 3.1.6 (/opt/ros/humble/share/rosidl_generator_cpp/cmake)
[0.973s] -- Using all available rosidl_typesupport_c: rosidl_typesupport_fastrtps_c;rosidl_typesupport_introspection_c
[1.016s] -- Using all available rosidl_typesupport_cpp: rosidl_typesupport_fastrtps_cpp;rosidl_typesupport_introspection_cpp
[1.114s] -- Found rmw_implementation_cmake: 6.1.2 (/opt/ros/humble/share/rmw_implementation_cmake/cmake)
[1.124s] -- Found rmw_fastrtps_cpp: 6.2.7 (/opt/ros/humble/share/rmw_fastrtps_cpp/cmake)
[1.501s] -- Found OpenSSL: /usr/lib/x86_64-linux-gnu/libcrypto.so (found version "3.0.2")  
[1.572s] -- Found FastRTPS: /opt/ros/humble/include  
[1.679s] -- Using RMW implementation 'rmw_fastrtps_cpp' as default
[1.716s] -- Looking for pthread.h
[2.002s] -- Looking for pthread.h - found
[2.002s] -- Performing Test CMAKE_HAVE_LIBC_PTHREAD
[2.608s] -- Performing Test CMAKE_HAVE_LIBC_PTHREAD - Success
[2.618s] -- Found Threads: TRUE  
[3.022s] -- Found geometry_msgs: 4.9.0 (/opt/ros/humble/share/geometry_msgs/cmake)
[3.115s] -- Found visualization_msgs: 4.9.0 (/opt/ros/humble/share/visualization_msgs/cmake)
[3.381s] -- Found tf2: 0.25.13 (/opt/ros/humble/share/tf2/cmake)
[3.445s] -- Found tf2_ros: 0.25.13 (/opt/ros/humble/share/tf2_ros/cmake)
[4.504s] -- Found eigen3_cmake_module: 0.1.1 (/opt/ros/humble/share/eigen3_cmake_module/cmake)
[4.504s] -- Found Eigen3: TRUE (found version "3.4.0") 
[4.850s] -- Configuring done
[4.901s] -- Generating done
[4.913s] [33mCMake Warning:
[4.913s]   Manually-specified variables were not used by the project:
[4.913s] 
[4.913s]     PYTHON_VERSION
[4.913s] 
[4.914s] [0m
[4.918s] -- Build files have been written to: /workspace/build/ros_tools
[4.952s] Invoked command in '/workspace/build/ros_tools' returned '0': CMAKE_PREFIX_PATH=/opt/ros/humble /usr/bin/cmake /workspace/src/ros_tools -DCMAKE_BUILD_TYPE=RelWithDebInfo -DPYTHON_VERSION=3 -DCMAKE_INSTALL_PREFIX=/workspace/install/RelWithDebInfo/ros_tools
[4.953s] Invoking command in '/workspace/build/ros_tools': CMAKE_PREFIX_PATH=/opt/ros/humble /usr/bin/cmake --build /workspace/build/ros_tools -- -j12 -l12
[5.323s] [ 10%] [32mBuilding CXX object CMakeFiles/ros_tools.dir/src/ros_visuals.cpp.o[0m
[5.335s] [ 20%] [32mBuilding CXX object CMakeFiles/ros_tools.dir/src/convertions.cpp.o[0m
[5.370s] [ 30%] [32mBuilding CXX object CMakeFiles/ros_tools.dir/src/third_party/tkspline.cpp.o[0m
[5.401s] [ 50%] [32mBuilding CXX object CMakeFiles/ros_tools.dir/src/spline.cpp.o[0m
[5.413s] [ 50%] [32mBuilding CXX object CMakeFiles/ros_tools.dir/src/random_generator.cpp.o[0m
[5.429s] [ 60%] [32mBuilding CXX object CMakeFiles/ros_tools.dir/src/data_saver.cpp.o[0m
[5.439s] [ 70%] [32mBuilding CXX object CMakeFiles/ros_tools.dir/src/math.cpp.o[0m
[5.441s] [ 80%] [32mBuilding CXX object CMakeFiles/ros_tools.dir/src/profiling.cpp.o[0m
[5.448s] [ 90%] [32mBuilding CXX object CMakeFiles/ros_tools.dir/src/third_party/clothoid.cpp.o[0m
[35.370s] [100%] [32m[1mLinking CXX shared library libros_tools.so[0m
[36.040s] [100%] Built target ros_tools
[36.057s] Invoked command in '/workspace/build/ros_tools' returned '0': CMAKE_PREFIX_PATH=/opt/ros/humble /usr/bin/cmake --build /workspace/build/ros_tools -- -j12 -l12
[36.071s] Invoking command in '/workspace/build/ros_tools': CMAKE_PREFIX_PATH=/opt/ros/humble /usr/bin/cmake --install /workspace/build/ros_tools
[36.081s] -- Install configuration: "RelWithDebInfo"
[36.082s] -- Installing: /workspace/install/RelWithDebInfo/ros_tools/lib/libros_tools.so
[36.095s] -- Set runtime path of "/workspace/install/RelWithDebInfo/ros_tools/lib/libros_tools.so" to ""
[36.095s] -- Installing: /workspace/install/RelWithDebInfo/ros_tools/include//ros_tools
[36.096s] -- Installing: /workspace/install/RelWithDebInfo/ros_tools/include//ros_tools/data_saver.h
[36.096s] -- Installing: /workspace/install/RelWithDebInfo/ros_tools/include//ros_tools/logging.h
[36.096s] -- Installing: /workspace/install/RelWithDebInfo/ros_tools/include//ros_tools/profiling.h
[36.096s] -- Installing: /workspace/install/RelWithDebInfo/ros_tools/include//ros_tools/paths.h
[36.096s] -- Installing: /workspace/install/RelWithDebInfo/ros_tools/include//ros_tools/random_generator.h
[36.097s] -- Installing: /workspace/install/RelWithDebInfo/ros_tools/include//ros_tools/ros2_wrappers.h
[36.097s] -- Installing: /workspace/install/RelWithDebInfo/ros_tools/include//ros_tools/base_configuration.h
[36.097s] -- Installing: /workspace/install/RelWithDebInfo/ros_tools/include//ros_tools/projection.h
[36.097s] -- Installing: /workspace/install/RelWithDebInfo/ros_tools/include//ros_tools/visuals.h
[36.097s] -- Installing: /workspace/install/RelWithDebInfo/ros_tools/include//ros_tools/convertions.h
[36.098s] -- Installing: /workspace/install/RelWithDebInfo/ros_tools/include//ros_tools/spline.h
[36.098s] -- Installing: /workspace/install/RelWithDebInfo/ros_tools/include//ros_tools/math.h
[36.098s] -- Installing: /workspace/install/RelWithDebInfo/ros_tools/include//ros_tools/ros_visuals.h
[36.098s] -- Installing: /workspace/install/RelWithDebInfo/ros_tools/include/third_party/
[36.098s] -- Installing: /workspace/install/RelWithDebInfo/ros_tools/include/third_party//tkspline.h
[36.098s] -- Installing: /workspace/install/RelWithDebInfo/ros_tools/include/third_party//clothoid.h
[36.098s] -- Installing: /workspace/install/RelWithDebInfo/ros_tools/share/ros_tools/models
[36.099s] -- Installing: /workspace/install/RelWithDebInfo/ros_tools/share/ros_tools/models/walking.dae
[36.103s] -- Installing: /workspace/install/RelWithDebInfo/ros_tools/share/ros_tools/environment/library_path.sh
[36.103s] -- Installing: /workspace/install/RelWithDebInfo/ros_tools/share/ros_tools/environment/library_path.dsv
[36.103s] -- Installing: /workspace/install/RelWithDebInfo/ros_tools/share/ament_index/resource_index/package_run_dependencies/ros_tools
[36.104s] -- Installing: /workspace/install/RelWithDebInfo/ros_tools/share/ament_index/resource_index/parent_prefix_path/ros_tools
[36.104s] -- Installing: /workspace/install/RelWithDebInfo/ros_tools/share/ros_tools/environment/ament_prefix_path.sh
[36.104s] -- Installing: /workspace/install/RelWithDebInfo/ros_tools/share/ros_tools/environment/ament_prefix_path.dsv
[36.104s] -- Installing: /workspace/install/RelWithDebInfo/ros_tools/share/ros_tools/environment/path.sh
[36.104s] -- Installing: /workspace/install/RelWithDebInfo/ros_tools/share/ros_tools/environment/path.dsv
[36.105s] -- Installing: /workspace/install/RelWithDebInfo/ros_tools/share/ros_tools/local_setup.bash
[36.105s] -- Installing: /workspace/install/RelWithDebInfo/ros_tools/share/ros_tools/local_setup.sh
[36.105s] -- Installing: /workspace/install/RelWithDebInfo/ros_tools/share/ros_tools/local_setup.zsh
[36.105s] -- Installing: /workspace/install/RelWithDebInfo/ros_tools/share/ros_tools/local_setup.dsv
[36.105s] -- Installing: /workspace/install/RelWithDebInfo/ros_tools/share/ros_tools/package.dsv
[36.106s] -- Installing: /workspace/install/RelWithDebInfo/ros_tools/share/ament_index/resource_index/packages/ros_tools
[36.106s] -- Installing: /workspace/install/RelWithDebInfo/ros_tools/share/ros_tools/cmake/export_ros_toolsExport.cmake
[36.106s] -- Installing: /workspace/install/RelWithDebInfo/ros_tools/share/ros_tools/cmake/export_ros_toolsExport-relwithdebinfo.cmake
[36.106s] -- Installing: /workspace/install/RelWithDebInfo/ros_tools/share/ros_tools/cmake/ament_cmake_export_targets-extras.cmake
[36.106s] -- Installing: /workspace/install/RelWithDebInfo/ros_tools/share/ros_tools/cmake/ament_cmake_export_dependencies-extras.cmake
[36.107s] -- Installing: /workspace/install/RelWithDebInfo/ros_tools/share/ros_tools/cmake/ros_toolsConfig.cmake
[36.107s] -- Installing: /workspace/install/RelWithDebInfo/ros_tools/share/ros_tools/cmake/ros_toolsConfig-version.cmake
[36.107s] -- Installing: /workspace/install/RelWithDebInfo/ros_tools/share/ros_tools/package.xml
[36.110s] Invoked command in '/workspace/build/ros_tools' returned '0': CMAKE_PREFIX_PATH=/opt/ros/humble /usr/bin/cmake --install /workspace/build/ros_tools
