[0.140s] DEBUG:colcon:Command line arguments: ['/usr/bin/colcon', 'build', '--install-base', 'install/RelWithDebInfo', '--cmake-args', '-DCMAKE_BUILD_TYPE=RelWithDebInfo', '-DPYTHON_VERSION=3']
[0.140s] DEBUG:colcon:Parsed command line arguments: Namespace(log_base=None, log_level=None, verb_name='build', build_base='build', install_base='/workspace/install/RelWithDebInfo', merge_install=False, symlink_install=False, test_result_base=None, continue_on_error=False, executor='parallel', parallel_workers=12, event_handlers=None, ignore_user_meta=False, metas=['./colcon.meta'], base_paths=['.'], packages_ignore=None, packages_ignore_regex=None, paths=None, packages_up_to=None, packages_up_to_regex=None, packages_above=None, packages_above_and_dependencies=None, packages_above_depth=None, packages_select_by_dep=None, packages_skip_by_dep=None, packages_skip_up_to=None, packages_select_build_failed=False, packages_skip_build_finished=False, packages_select_test_failures=False, packages_skip_test_passed=False, packages_select=None, packages_skip=None, packages_select_regex=None, packages_skip_regex=None, packages_start=None, packages_end=None, cmake_args=['-DCMAKE_BUILD_TYPE=RelWithDebInfo', '-DPYTHON_VERSION=3'], cmake_target=None, cmake_target_skip_unavailable=False, cmake_clean_cache=False, cmake_clean_first=False, cmake_force_configure=False, ament_cmake_args=None, catkin_cmake_args=None, catkin_skip_building_tests=False, mixin_files=None, mixin=None, verb_parser=<colcon_mixin.mixin.mixin_argument.MixinArgumentDecorator object at 0x73ce5d3ec730>, verb_extension=<colcon_core.verb.build.BuildVerb object at 0x73ce5d3bbdc0>, main=<bound method BuildVerb.main of <colcon_core.verb.build.BuildVerb object at 0x73ce5d3bbdc0>>, mixin_verb=('build',))
[0.343s] Level 1:colcon.colcon_core.package_discovery:discover_packages(colcon_meta) check parameters
[0.343s] Level 1:colcon.colcon_core.package_discovery:discover_packages(recursive) check parameters
[0.343s] Level 1:colcon.colcon_core.package_discovery:discover_packages(ignore) check parameters
[0.343s] Level 1:colcon.colcon_core.package_discovery:discover_packages(path) check parameters
[0.343s] Level 1:colcon.colcon_core.package_discovery:discover_packages(colcon_meta) discover
[0.343s] Level 1:colcon.colcon_core.package_discovery:discover_packages(recursive) discover
[0.343s] INFO:colcon.colcon_core.package_discovery:Crawling recursively for packages in '/workspace'
[0.343s] Level 1:colcon.colcon_core.package_identification:_identify(.) by extensions ['ignore', 'ignore_ament_install']
[0.344s] Level 1:colcon.colcon_core.package_identification:_identify(.) by extension 'ignore'
[0.344s] Level 1:colcon.colcon_core.package_identification:_identify(.) by extension 'ignore_ament_install'
[0.344s] Level 1:colcon.colcon_core.package_identification:_identify(.) by extensions ['colcon_pkg']
[0.344s] Level 1:colcon.colcon_core.package_identification:_identify(.) by extension 'colcon_pkg'
[0.344s] Level 1:colcon.colcon_core.package_identification:_identify(.) by extensions ['colcon_meta']
[0.344s] Level 1:colcon.colcon_core.package_identification:_identify(.) by extension 'colcon_meta'
[0.344s] Level 1:colcon.colcon_core.package_identification:_identify(.) by extensions ['ros']
[0.344s] Level 1:colcon.colcon_core.package_identification:_identify(.) by extension 'ros'
[0.354s] Level 1:colcon.colcon_core.package_identification:_identify(.) by extensions ['cmake', 'python']
[0.354s] Level 1:colcon.colcon_core.package_identification:_identify(.) by extension 'cmake'
[0.354s] Level 1:colcon.colcon_core.package_identification:_identify(.) by extension 'python'
[0.354s] Level 1:colcon.colcon_core.package_identification:_identify(.) by extensions ['python_setup_py']
[0.354s] Level 1:colcon.colcon_core.package_identification:_identify(.) by extension 'python_setup_py'
[0.354s] Level 1:colcon.colcon_core.package_identification:_identify(build) by extensions ['ignore', 'ignore_ament_install']
[0.354s] Level 1:colcon.colcon_core.package_identification:_identify(build) by extension 'ignore'
[0.354s] Level 1:colcon.colcon_core.package_identification:_identify(build) ignored
[0.354s] Level 1:colcon.colcon_core.package_identification:_identify(install) by extensions ['ignore', 'ignore_ament_install']
[0.354s] Level 1:colcon.colcon_core.package_identification:_identify(install) by extension 'ignore'
[0.355s] Level 1:colcon.colcon_core.package_identification:_identify(install) by extension 'ignore_ament_install'
[0.355s] Level 1:colcon.colcon_core.package_identification:_identify(install) by extensions ['colcon_pkg']
[0.355s] Level 1:colcon.colcon_core.package_identification:_identify(install) by extension 'colcon_pkg'
[0.355s] Level 1:colcon.colcon_core.package_identification:_identify(install) by extensions ['colcon_meta']
[0.355s] Level 1:colcon.colcon_core.package_identification:_identify(install) by extension 'colcon_meta'
[0.355s] Level 1:colcon.colcon_core.package_identification:_identify(install) by extensions ['ros']
[0.355s] Level 1:colcon.colcon_core.package_identification:_identify(install) by extension 'ros'
[0.355s] Level 1:colcon.colcon_core.package_identification:_identify(install) by extensions ['cmake', 'python']
[0.355s] Level 1:colcon.colcon_core.package_identification:_identify(install) by extension 'cmake'
[0.355s] Level 1:colcon.colcon_core.package_identification:_identify(install) by extension 'python'
[0.355s] Level 1:colcon.colcon_core.package_identification:_identify(install) by extensions ['python_setup_py']
[0.355s] Level 1:colcon.colcon_core.package_identification:_identify(install) by extension 'python_setup_py'
[0.355s] Level 1:colcon.colcon_core.package_identification:_identify(install/RelWithDebInfo) by extensions ['ignore', 'ignore_ament_install']
[0.355s] Level 1:colcon.colcon_core.package_identification:_identify(install/RelWithDebInfo) by extension 'ignore'
[0.355s] Level 1:colcon.colcon_core.package_identification:_identify(install/RelWithDebInfo) ignored
[0.355s] Level 1:colcon.colcon_core.package_identification:_identify(log) by extensions ['ignore', 'ignore_ament_install']
[0.355s] Level 1:colcon.colcon_core.package_identification:_identify(log) by extension 'ignore'
[0.355s] Level 1:colcon.colcon_core.package_identification:_identify(log) ignored
[0.355s] Level 1:colcon.colcon_core.package_identification:_identify(src) by extensions ['ignore', 'ignore_ament_install']
[0.356s] Level 1:colcon.colcon_core.package_identification:_identify(src) by extension 'ignore'
[0.356s] Level 1:colcon.colcon_core.package_identification:_identify(src) by extension 'ignore_ament_install'
[0.356s] Level 1:colcon.colcon_core.package_identification:_identify(src) by extensions ['colcon_pkg']
[0.356s] Level 1:colcon.colcon_core.package_identification:_identify(src) by extension 'colcon_pkg'
[0.356s] Level 1:colcon.colcon_core.package_identification:_identify(src) by extensions ['colcon_meta']
[0.356s] Level 1:colcon.colcon_core.package_identification:_identify(src) by extension 'colcon_meta'
[0.356s] Level 1:colcon.colcon_core.package_identification:_identify(src) by extensions ['ros']
[0.356s] Level 1:colcon.colcon_core.package_identification:_identify(src) by extension 'ros'
[0.356s] Level 1:colcon.colcon_core.package_identification:_identify(src) by extensions ['cmake', 'python']
[0.356s] Level 1:colcon.colcon_core.package_identification:_identify(src) by extension 'cmake'
[0.356s] Level 1:colcon.colcon_core.package_identification:_identify(src) by extension 'python'
[0.356s] Level 1:colcon.colcon_core.package_identification:_identify(src) by extensions ['python_setup_py']
[0.356s] Level 1:colcon.colcon_core.package_identification:_identify(src) by extension 'python_setup_py'
[0.356s] Level 1:colcon.colcon_core.package_identification:_identify(src/acados) by extensions ['ignore', 'ignore_ament_install']
[0.356s] Level 1:colcon.colcon_core.package_identification:_identify(src/acados) by extension 'ignore'
[0.356s] Level 1:colcon.colcon_core.package_identification:_identify(src/acados) by extension 'ignore_ament_install'
[0.356s] Level 1:colcon.colcon_core.package_identification:_identify(src/acados) by extensions ['colcon_pkg']
[0.356s] Level 1:colcon.colcon_core.package_identification:_identify(src/acados) by extension 'colcon_pkg'
[0.356s] Level 1:colcon.colcon_core.package_identification:_identify(src/acados) by extensions ['colcon_meta']
[0.356s] Level 1:colcon.colcon_core.package_identification:_identify(src/acados) by extension 'colcon_meta'
[0.356s] Level 1:colcon.colcon_core.package_identification:_identify(src/acados) by extensions ['ros']
[0.357s] Level 1:colcon.colcon_core.package_identification:_identify(src/acados) by extension 'ros'
[0.357s] Level 1:colcon.colcon_core.package_identification:_identify(src/acados) by extensions ['cmake', 'python']
[0.357s] Level 1:colcon.colcon_core.package_identification:_identify(src/acados) by extension 'cmake'
[0.407s] Level 1:colcon.colcon_core.package_identification:_identify(src/acados) by extension 'python'
[0.407s] DEBUG:colcon.colcon_core.package_identification:Package 'src/acados' with type 'cmake' and name 'acados'
[0.407s] Level 1:colcon.colcon_core.package_identification:_identify(src/guidance_planner) by extensions ['ignore', 'ignore_ament_install']
[0.407s] Level 1:colcon.colcon_core.package_identification:_identify(src/guidance_planner) by extension 'ignore'
[0.407s] Level 1:colcon.colcon_core.package_identification:_identify(src/guidance_planner) by extension 'ignore_ament_install'
[0.407s] Level 1:colcon.colcon_core.package_identification:_identify(src/guidance_planner) by extensions ['colcon_pkg']
[0.407s] Level 1:colcon.colcon_core.package_identification:_identify(src/guidance_planner) by extension 'colcon_pkg'
[0.407s] Level 1:colcon.colcon_core.package_identification:_identify(src/guidance_planner) by extensions ['colcon_meta']
[0.407s] Level 1:colcon.colcon_core.package_identification:_identify(src/guidance_planner) by extension 'colcon_meta'
[0.408s] Level 1:colcon.colcon_core.package_identification:_identify(src/guidance_planner) by extensions ['ros']
[0.408s] Level 1:colcon.colcon_core.package_identification:_identify(src/guidance_planner) by extension 'ros'
[0.410s] DEBUG:colcon.colcon_core.package_identification:Package 'src/guidance_planner' with type 'ros.ament_cmake' and name 'guidance_planner'
[0.410s] Level 1:colcon.colcon_core.package_identification:_identify(src/ros_tools) by extensions ['ignore', 'ignore_ament_install']
[0.410s] Level 1:colcon.colcon_core.package_identification:_identify(src/ros_tools) by extension 'ignore'
[0.410s] Level 1:colcon.colcon_core.package_identification:_identify(src/ros_tools) by extension 'ignore_ament_install'
[0.410s] Level 1:colcon.colcon_core.package_identification:_identify(src/ros_tools) by extensions ['colcon_pkg']
[0.410s] Level 1:colcon.colcon_core.package_identification:_identify(src/ros_tools) by extension 'colcon_pkg'
[0.410s] Level 1:colcon.colcon_core.package_identification:_identify(src/ros_tools) by extensions ['colcon_meta']
[0.410s] Level 1:colcon.colcon_core.package_identification:_identify(src/ros_tools) by extension 'colcon_meta'
[0.410s] Level 1:colcon.colcon_core.package_identification:_identify(src/ros_tools) by extensions ['ros']
[0.410s] Level 1:colcon.colcon_core.package_identification:_identify(src/ros_tools) by extension 'ros'
[0.411s] DEBUG:colcon.colcon_core.package_identification:Package 'src/ros_tools' with type 'ros.ament_cmake' and name 'ros_tools'
[0.411s] Level 1:colcon.colcon_core.package_discovery:discover_packages(recursive) using defaults
[0.411s] Level 1:colcon.colcon_core.package_discovery:discover_packages(ignore) discover
[0.411s] Level 1:colcon.colcon_core.package_discovery:discover_packages(ignore) using defaults
[0.411s] Level 1:colcon.colcon_core.package_discovery:discover_packages(path) discover
[0.411s] Level 1:colcon.colcon_core.package_discovery:discover_packages(path) using defaults
[0.431s] Level 5:colcon.colcon_core.verb:set package 'acados' build argument 'cmake_args' from command line to '['-DCMAKE_BUILD_TYPE=RelWithDebInfo', '-DPYTHON_VERSION=3']'
[0.431s] Level 5:colcon.colcon_core.verb:set package 'acados' build argument 'cmake_target' from command line to 'None'
[0.431s] Level 5:colcon.colcon_core.verb:set package 'acados' build argument 'cmake_target_skip_unavailable' from command line to 'False'
[0.431s] Level 5:colcon.colcon_core.verb:set package 'acados' build argument 'cmake_clean_cache' from command line to 'False'
[0.431s] Level 5:colcon.colcon_core.verb:set package 'acados' build argument 'cmake_clean_first' from command line to 'False'
[0.431s] Level 5:colcon.colcon_core.verb:set package 'acados' build argument 'cmake_force_configure' from command line to 'False'
[0.431s] Level 5:colcon.colcon_core.verb:set package 'acados' build argument 'ament_cmake_args' from command line to 'None'
[0.432s] Level 5:colcon.colcon_core.verb:set package 'acados' build argument 'catkin_cmake_args' from command line to 'None'
[0.432s] Level 5:colcon.colcon_core.verb:set package 'acados' build argument 'catkin_skip_building_tests' from command line to 'False'
[0.432s] DEBUG:colcon.colcon_core.verb:Building package 'acados' with the following arguments: {'ament_cmake_args': None, 'build_base': '/workspace/build/acados', 'catkin_cmake_args': None, 'catkin_skip_building_tests': False, 'cmake_args': ['-DCMAKE_BUILD_TYPE=RelWithDebInfo', '-DPYTHON_VERSION=3'], 'cmake_clean_cache': False, 'cmake_clean_first': False, 'cmake_force_configure': False, 'cmake_target': None, 'cmake_target_skip_unavailable': False, 'install_base': '/workspace/install/RelWithDebInfo/acados', 'merge_install': False, 'path': '/workspace/src/acados', 'symlink_install': False, 'test_result_base': None}
[0.432s] Level 5:colcon.colcon_core.verb:set package 'ros_tools' build argument 'cmake_args' from command line to '['-DCMAKE_BUILD_TYPE=RelWithDebInfo', '-DPYTHON_VERSION=3']'
[0.432s] Level 5:colcon.colcon_core.verb:set package 'ros_tools' build argument 'cmake_target' from command line to 'None'
[0.432s] Level 5:colcon.colcon_core.verb:set package 'ros_tools' build argument 'cmake_target_skip_unavailable' from command line to 'False'
[0.432s] Level 5:colcon.colcon_core.verb:set package 'ros_tools' build argument 'cmake_clean_cache' from command line to 'False'
[0.432s] Level 5:colcon.colcon_core.verb:set package 'ros_tools' build argument 'cmake_clean_first' from command line to 'False'
[0.432s] Level 5:colcon.colcon_core.verb:set package 'ros_tools' build argument 'cmake_force_configure' from command line to 'False'
[0.432s] Level 5:colcon.colcon_core.verb:set package 'ros_tools' build argument 'ament_cmake_args' from command line to 'None'
[0.432s] Level 5:colcon.colcon_core.verb:set package 'ros_tools' build argument 'catkin_cmake_args' from command line to 'None'
[0.432s] Level 5:colcon.colcon_core.verb:set package 'ros_tools' build argument 'catkin_skip_building_tests' from command line to 'False'
[0.432s] DEBUG:colcon.colcon_core.verb:Building package 'ros_tools' with the following arguments: {'ament_cmake_args': None, 'build_base': '/workspace/build/ros_tools', 'catkin_cmake_args': None, 'catkin_skip_building_tests': False, 'cmake_args': ['-DCMAKE_BUILD_TYPE=RelWithDebInfo', '-DPYTHON_VERSION=3'], 'cmake_clean_cache': False, 'cmake_clean_first': False, 'cmake_force_configure': False, 'cmake_target': None, 'cmake_target_skip_unavailable': False, 'install_base': '/workspace/install/RelWithDebInfo/ros_tools', 'merge_install': False, 'path': '/workspace/src/ros_tools', 'symlink_install': False, 'test_result_base': None}
[0.432s] Level 5:colcon.colcon_core.verb:set package 'guidance_planner' build argument 'cmake_args' from command line to '['-DCMAKE_BUILD_TYPE=RelWithDebInfo', '-DPYTHON_VERSION=3']'
[0.432s] Level 5:colcon.colcon_core.verb:set package 'guidance_planner' build argument 'cmake_target' from command line to 'None'
[0.432s] Level 5:colcon.colcon_core.verb:set package 'guidance_planner' build argument 'cmake_target_skip_unavailable' from command line to 'False'
[0.433s] Level 5:colcon.colcon_core.verb:set package 'guidance_planner' build argument 'cmake_clean_cache' from command line to 'False'
[0.433s] Level 5:colcon.colcon_core.verb:set package 'guidance_planner' build argument 'cmake_clean_first' from command line to 'False'
[0.433s] Level 5:colcon.colcon_core.verb:set package 'guidance_planner' build argument 'cmake_force_configure' from command line to 'False'
[0.433s] Level 5:colcon.colcon_core.verb:set package 'guidance_planner' build argument 'ament_cmake_args' from command line to 'None'
[0.433s] Level 5:colcon.colcon_core.verb:set package 'guidance_planner' build argument 'catkin_cmake_args' from command line to 'None'
[0.433s] Level 5:colcon.colcon_core.verb:set package 'guidance_planner' build argument 'catkin_skip_building_tests' from command line to 'False'
[0.433s] DEBUG:colcon.colcon_core.verb:Building package 'guidance_planner' with the following arguments: {'ament_cmake_args': None, 'build_base': '/workspace/build/guidance_planner', 'catkin_cmake_args': None, 'catkin_skip_building_tests': False, 'cmake_args': ['-DCMAKE_BUILD_TYPE=RelWithDebInfo', '-DPYTHON_VERSION=3'], 'cmake_clean_cache': False, 'cmake_clean_first': False, 'cmake_force_configure': False, 'cmake_target': None, 'cmake_target_skip_unavailable': False, 'install_base': '/workspace/install/RelWithDebInfo/guidance_planner', 'merge_install': False, 'path': '/workspace/src/guidance_planner', 'symlink_install': False, 'test_result_base': None}
[0.433s] INFO:colcon.colcon_core.executor:Executing jobs using 'parallel' executor
[0.441s] DEBUG:colcon.colcon_parallel_executor.executor.parallel:run_until_complete
[0.441s] INFO:colcon.colcon_ros.task.ament_cmake.build:Building ROS package in '/workspace/src/ros_tools' with build type 'ament_cmake'
[0.441s] INFO:colcon.colcon_cmake.task.cmake.build:Building CMake package in '/workspace/src/ros_tools'
[0.445s] INFO:colcon.colcon_core.plugin_system:Skipping extension 'colcon_core.shell.bat': Not used on non-Windows systems
[0.446s] INFO:colcon.colcon_core.shell:Skip shell extension 'powershell' for command environment: Not usable outside of PowerShell
[0.446s] DEBUG:colcon.colcon_core.shell:Skip shell extension 'dsv' for command environment
[0.453s] INFO:colcon.colcon_cmake.task.cmake.build:Building CMake package in '/workspace/src/acados'
[0.453s] INFO:colcon.colcon_core.shell:Skip shell extension 'powershell' for command environment: Not usable outside of PowerShell
[0.453s] DEBUG:colcon.colcon_core.shell:Skip shell extension 'dsv' for command environment
[0.466s] DEBUG:colcon.colcon_core.event_handler.log_command:Invoking command in '/workspace/build/ros_tools': CMAKE_PREFIX_PATH=/opt/ros/humble /usr/bin/cmake /workspace/src/ros_tools -DCMAKE_BUILD_TYPE=RelWithDebInfo -DPYTHON_VERSION=3 -DCMAKE_INSTALL_PREFIX=/workspace/install/RelWithDebInfo/ros_tools
[0.473s] DEBUG:colcon.colcon_core.event_handler.log_command:Invoking command in '/workspace/build/acados': /usr/bin/cmake /workspace/src/acados -DCMAKE_BUILD_TYPE=RelWithDebInfo -DPYTHON_VERSION=3 -DCMAKE_INSTALL_PREFIX=/workspace/install/RelWithDebInfo/acados
[1.562s] DEBUG:colcon.colcon_core.event_handler.log_command:Invoked command in '/workspace/build/acados' returned '0': /usr/bin/cmake /workspace/src/acados -DCMAKE_BUILD_TYPE=RelWithDebInfo -DPYTHON_VERSION=3 -DCMAKE_INSTALL_PREFIX=/workspace/install/RelWithDebInfo/acados
[1.565s] DEBUG:colcon.colcon_core.event_handler.log_command:Invoking command in '/workspace/build/acados': /usr/bin/cmake --build /workspace/build/acados -- -j12 -l12
[5.394s] DEBUG:colcon.colcon_core.event_handler.log_command:Invoked command in '/workspace/build/ros_tools' returned '0': CMAKE_PREFIX_PATH=/opt/ros/humble /usr/bin/cmake /workspace/src/ros_tools -DCMAKE_BUILD_TYPE=RelWithDebInfo -DPYTHON_VERSION=3 -DCMAKE_INSTALL_PREFIX=/workspace/install/RelWithDebInfo/ros_tools
[5.395s] DEBUG:colcon.colcon_core.event_handler.log_command:Invoking command in '/workspace/build/ros_tools': CMAKE_PREFIX_PATH=/opt/ros/humble /usr/bin/cmake --build /workspace/build/ros_tools -- -j12 -l12
[36.499s] DEBUG:colcon.colcon_core.event_handler.log_command:Invoked command in '/workspace/build/ros_tools' returned '0': CMAKE_PREFIX_PATH=/opt/ros/humble /usr/bin/cmake --build /workspace/build/ros_tools -- -j12 -l12
[36.512s] DEBUG:colcon.colcon_core.event_handler.log_command:Invoking command in '/workspace/build/ros_tools': CMAKE_PREFIX_PATH=/opt/ros/humble /usr/bin/cmake --install /workspace/build/ros_tools
[36.551s] Level 1:colcon.colcon_core.environment:create_environment_scripts_only(ros_tools)
[36.551s] DEBUG:colcon.colcon_core.event_handler.log_command:Invoked command in '/workspace/build/ros_tools' returned '0': CMAKE_PREFIX_PATH=/opt/ros/humble /usr/bin/cmake --install /workspace/build/ros_tools
[36.560s] Level 1:colcon.colcon_core.environment:checking '/workspace/install/RelWithDebInfo/ros_tools' for CMake module files
[36.561s] Level 1:colcon.colcon_core.environment:checking '/workspace/install/RelWithDebInfo/ros_tools' for CMake config files
[36.561s] Level 1:colcon.colcon_core.shell:create_environment_hook('ros_tools', 'cmake_prefix_path')
[36.562s] INFO:colcon.colcon_core.shell:Creating environment hook '/workspace/install/RelWithDebInfo/ros_tools/share/ros_tools/hook/cmake_prefix_path.ps1'
[36.563s] INFO:colcon.colcon_core.shell:Creating environment descriptor '/workspace/install/RelWithDebInfo/ros_tools/share/ros_tools/hook/cmake_prefix_path.dsv'
[36.564s] INFO:colcon.colcon_core.shell:Creating environment hook '/workspace/install/RelWithDebInfo/ros_tools/share/ros_tools/hook/cmake_prefix_path.sh'
[36.566s] Level 1:colcon.colcon_core.environment:checking '/workspace/install/RelWithDebInfo/ros_tools/lib'
[36.566s] Level 1:colcon.colcon_core.shell:create_environment_hook('ros_tools', 'ld_library_path_lib')
[36.567s] INFO:colcon.colcon_core.shell:Creating environment hook '/workspace/install/RelWithDebInfo/ros_tools/share/ros_tools/hook/ld_library_path_lib.ps1'
[36.568s] INFO:colcon.colcon_core.shell:Creating environment descriptor '/workspace/install/RelWithDebInfo/ros_tools/share/ros_tools/hook/ld_library_path_lib.dsv'
[36.573s] INFO:colcon.colcon_core.shell:Creating environment hook '/workspace/install/RelWithDebInfo/ros_tools/share/ros_tools/hook/ld_library_path_lib.sh'
[36.574s] Level 1:colcon.colcon_core.environment:checking '/workspace/install/RelWithDebInfo/ros_tools/bin'
[36.574s] Level 1:colcon.colcon_core.environment:checking '/workspace/install/RelWithDebInfo/ros_tools/lib/pkgconfig/ros_tools.pc'
[36.577s] Level 1:colcon.colcon_core.environment:checking '/workspace/install/RelWithDebInfo/ros_tools/lib/python3.10/site-packages'
[36.577s] Level 1:colcon.colcon_core.environment:checking '/workspace/install/RelWithDebInfo/ros_tools/bin'
[36.578s] INFO:colcon.colcon_core.shell:Creating package script '/workspace/install/RelWithDebInfo/ros_tools/share/ros_tools/package.ps1'
[36.582s] INFO:colcon.colcon_core.shell:Creating package descriptor '/workspace/install/RelWithDebInfo/ros_tools/share/ros_tools/package.dsv'
[36.584s] INFO:colcon.colcon_core.shell:Creating package script '/workspace/install/RelWithDebInfo/ros_tools/share/ros_tools/package.sh'
[36.586s] INFO:colcon.colcon_core.shell:Creating package script '/workspace/install/RelWithDebInfo/ros_tools/share/ros_tools/package.bash'
[36.588s] INFO:colcon.colcon_core.shell:Creating package script '/workspace/install/RelWithDebInfo/ros_tools/share/ros_tools/package.zsh'
[36.590s] Level 1:colcon.colcon_core.environment:create_file_with_runtime_dependencies(/workspace/install/RelWithDebInfo/ros_tools/share/colcon-core/packages/ros_tools)
[36.591s] Level 1:colcon.colcon_core.environment:create_environment_scripts_only(ros_tools)
[36.591s] Level 1:colcon.colcon_core.environment:checking '/workspace/install/RelWithDebInfo/ros_tools' for CMake module files
[36.592s] Level 1:colcon.colcon_core.environment:checking '/workspace/install/RelWithDebInfo/ros_tools' for CMake config files
[36.593s] Level 1:colcon.colcon_core.shell:create_environment_hook('ros_tools', 'cmake_prefix_path')
[36.593s] INFO:colcon.colcon_core.shell:Creating environment hook '/workspace/install/RelWithDebInfo/ros_tools/share/ros_tools/hook/cmake_prefix_path.ps1'
[36.594s] INFO:colcon.colcon_core.shell:Creating environment descriptor '/workspace/install/RelWithDebInfo/ros_tools/share/ros_tools/hook/cmake_prefix_path.dsv'
[36.595s] INFO:colcon.colcon_core.shell:Creating environment hook '/workspace/install/RelWithDebInfo/ros_tools/share/ros_tools/hook/cmake_prefix_path.sh'
[36.596s] Level 1:colcon.colcon_core.environment:checking '/workspace/install/RelWithDebInfo/ros_tools/lib'
[36.596s] Level 1:colcon.colcon_core.shell:create_environment_hook('ros_tools', 'ld_library_path_lib')
[36.596s] INFO:colcon.colcon_core.shell:Creating environment hook '/workspace/install/RelWithDebInfo/ros_tools/share/ros_tools/hook/ld_library_path_lib.ps1'
[36.597s] INFO:colcon.colcon_core.shell:Creating environment descriptor '/workspace/install/RelWithDebInfo/ros_tools/share/ros_tools/hook/ld_library_path_lib.dsv'
[36.598s] INFO:colcon.colcon_core.shell:Creating environment hook '/workspace/install/RelWithDebInfo/ros_tools/share/ros_tools/hook/ld_library_path_lib.sh'
[36.599s] Level 1:colcon.colcon_core.environment:checking '/workspace/install/RelWithDebInfo/ros_tools/bin'
[36.599s] Level 1:colcon.colcon_core.environment:checking '/workspace/install/RelWithDebInfo/ros_tools/lib/pkgconfig/ros_tools.pc'
[36.599s] Level 1:colcon.colcon_core.environment:checking '/workspace/install/RelWithDebInfo/ros_tools/lib/python3.10/site-packages'
[36.600s] Level 1:colcon.colcon_core.environment:checking '/workspace/install/RelWithDebInfo/ros_tools/bin'
[36.600s] INFO:colcon.colcon_core.shell:Creating package script '/workspace/install/RelWithDebInfo/ros_tools/share/ros_tools/package.ps1'
[36.601s] INFO:colcon.colcon_core.shell:Creating package descriptor '/workspace/install/RelWithDebInfo/ros_tools/share/ros_tools/package.dsv'
[36.602s] INFO:colcon.colcon_core.shell:Creating package script '/workspace/install/RelWithDebInfo/ros_tools/share/ros_tools/package.sh'
[36.603s] INFO:colcon.colcon_core.shell:Creating package script '/workspace/install/RelWithDebInfo/ros_tools/share/ros_tools/package.bash'
[36.604s] INFO:colcon.colcon_core.shell:Creating package script '/workspace/install/RelWithDebInfo/ros_tools/share/ros_tools/package.zsh'
[36.605s] Level 1:colcon.colcon_core.environment:create_file_with_runtime_dependencies(/workspace/install/RelWithDebInfo/ros_tools/share/colcon-core/packages/ros_tools)
[36.605s] INFO:colcon.colcon_ros.task.ament_cmake.build:Building ROS package in '/workspace/src/guidance_planner' with build type 'ament_cmake'
[36.605s] INFO:colcon.colcon_cmake.task.cmake.build:Building CMake package in '/workspace/src/guidance_planner'
[36.606s] INFO:colcon.colcon_core.shell:Skip shell extension 'powershell' for command environment: Not usable outside of PowerShell
[36.606s] DEBUG:colcon.colcon_core.shell:Skip shell extension 'dsv' for command environment
[36.623s] DEBUG:colcon.colcon_core.event_handler.log_command:Invoking command in '/workspace/build/guidance_planner': AMENT_PREFIX_PATH=/workspace/install/RelWithDebInfo/ros_tools:${AMENT_PREFIX_PATH} CMAKE_PREFIX_PATH=/workspace/install/RelWithDebInfo/ros_tools:/opt/ros/humble LD_LIBRARY_PATH=/workspace/install/RelWithDebInfo/ros_tools/lib:${LD_LIBRARY_PATH} /usr/bin/cmake /workspace/src/guidance_planner -DCMAKE_BUILD_TYPE=RelWithDebInfo -DPYTHON_VERSION=3 -DCMAKE_INSTALL_PREFIX=/workspace/install/RelWithDebInfo/guidance_planner
[37.805s] DEBUG:colcon.colcon_core.event_handler.log_command:Invoked command in '/workspace/build/acados' returned '0': /usr/bin/cmake --build /workspace/build/acados -- -j12 -l12
[37.807s] DEBUG:colcon.colcon_core.event_handler.log_command:Invoking command in '/workspace/build/acados': /usr/bin/cmake --install /workspace/build/acados
[37.890s] Level 1:colcon.colcon_core.environment:create_environment_scripts_only(acados)
[37.890s] Level 1:colcon.colcon_core.environment:checking '/workspace/install/RelWithDebInfo/acados' for CMake module files
[37.891s] DEBUG:colcon.colcon_core.event_handler.log_command:Invoked command in '/workspace/build/acados' returned '0': /usr/bin/cmake --install /workspace/build/acados
[37.892s] Level 1:colcon.colcon_core.environment:checking '/workspace/install/RelWithDebInfo/acados' for CMake config files
[37.892s] Level 1:colcon.colcon_core.shell:create_environment_hook('acados', 'cmake_prefix_path')
[37.892s] INFO:colcon.colcon_core.shell:Creating environment hook '/workspace/install/RelWithDebInfo/acados/share/acados/hook/cmake_prefix_path.ps1'
[37.893s] INFO:colcon.colcon_core.shell:Creating environment descriptor '/workspace/install/RelWithDebInfo/acados/share/acados/hook/cmake_prefix_path.dsv'
[37.894s] INFO:colcon.colcon_core.shell:Creating environment hook '/workspace/install/RelWithDebInfo/acados/share/acados/hook/cmake_prefix_path.sh'
[37.895s] Level 1:colcon.colcon_core.environment:checking '/workspace/install/RelWithDebInfo/acados/lib'
[37.895s] Level 1:colcon.colcon_core.shell:create_environment_hook('acados', 'ld_library_path_lib')
[37.895s] INFO:colcon.colcon_core.shell:Creating environment hook '/workspace/install/RelWithDebInfo/acados/share/acados/hook/ld_library_path_lib.ps1'
[37.896s] INFO:colcon.colcon_core.shell:Creating environment descriptor '/workspace/install/RelWithDebInfo/acados/share/acados/hook/ld_library_path_lib.dsv'
[37.897s] INFO:colcon.colcon_core.shell:Creating environment hook '/workspace/install/RelWithDebInfo/acados/share/acados/hook/ld_library_path_lib.sh'
[37.897s] Level 1:colcon.colcon_core.environment:checking '/workspace/install/RelWithDebInfo/acados/bin'
[37.897s] Level 1:colcon.colcon_core.environment:checking '/workspace/install/RelWithDebInfo/acados/lib/pkgconfig/acados.pc'
[37.898s] Level 1:colcon.colcon_core.environment:checking '/workspace/install/RelWithDebInfo/acados/lib/python3.10/site-packages'
[37.898s] Level 1:colcon.colcon_core.environment:checking '/workspace/install/RelWithDebInfo/acados/bin'
[37.898s] INFO:colcon.colcon_core.shell:Creating package script '/workspace/install/RelWithDebInfo/acados/share/acados/package.ps1'
[37.899s] INFO:colcon.colcon_core.shell:Creating package descriptor '/workspace/install/RelWithDebInfo/acados/share/acados/package.dsv'
[37.900s] INFO:colcon.colcon_core.shell:Creating package script '/workspace/install/RelWithDebInfo/acados/share/acados/package.sh'
[37.900s] INFO:colcon.colcon_core.shell:Creating package script '/workspace/install/RelWithDebInfo/acados/share/acados/package.bash'
[37.901s] INFO:colcon.colcon_core.shell:Creating package script '/workspace/install/RelWithDebInfo/acados/share/acados/package.zsh'
[37.902s] Level 1:colcon.colcon_core.environment:create_file_with_runtime_dependencies(/workspace/install/RelWithDebInfo/acados/share/colcon-core/packages/acados)
[40.520s] DEBUG:colcon.colcon_core.event_handler.log_command:Invoked command in '/workspace/build/guidance_planner' returned '0': AMENT_PREFIX_PATH=/workspace/install/RelWithDebInfo/ros_tools:${AMENT_PREFIX_PATH} CMAKE_PREFIX_PATH=/workspace/install/RelWithDebInfo/ros_tools:/opt/ros/humble LD_LIBRARY_PATH=/workspace/install/RelWithDebInfo/ros_tools/lib:${LD_LIBRARY_PATH} /usr/bin/cmake /workspace/src/guidance_planner -DCMAKE_BUILD_TYPE=RelWithDebInfo -DPYTHON_VERSION=3 -DCMAKE_INSTALL_PREFIX=/workspace/install/RelWithDebInfo/guidance_planner
[40.523s] DEBUG:colcon.colcon_core.event_handler.log_command:Invoking command in '/workspace/build/guidance_planner': AMENT_PREFIX_PATH=/workspace/install/RelWithDebInfo/ros_tools:${AMENT_PREFIX_PATH} CMAKE_PREFIX_PATH=/workspace/install/RelWithDebInfo/ros_tools:/opt/ros/humble LD_LIBRARY_PATH=/workspace/install/RelWithDebInfo/ros_tools/lib:${LD_LIBRARY_PATH} /usr/bin/cmake --build /workspace/build/guidance_planner -- -j12 -l12
[87.534s] DEBUG:colcon.colcon_core.event_handler.log_command:Invoked command in '/workspace/build/guidance_planner' returned '0': AMENT_PREFIX_PATH=/workspace/install/RelWithDebInfo/ros_tools:${AMENT_PREFIX_PATH} CMAKE_PREFIX_PATH=/workspace/install/RelWithDebInfo/ros_tools:/opt/ros/humble LD_LIBRARY_PATH=/workspace/install/RelWithDebInfo/ros_tools/lib:${LD_LIBRARY_PATH} /usr/bin/cmake --build /workspace/build/guidance_planner -- -j12 -l12
[87.536s] DEBUG:colcon.colcon_core.event_handler.log_command:Invoking command in '/workspace/build/guidance_planner': AMENT_PREFIX_PATH=/workspace/install/RelWithDebInfo/ros_tools:${AMENT_PREFIX_PATH} CMAKE_PREFIX_PATH=/workspace/install/RelWithDebInfo/ros_tools:/opt/ros/humble LD_LIBRARY_PATH=/workspace/install/RelWithDebInfo/ros_tools/lib:${LD_LIBRARY_PATH} /usr/bin/cmake --install /workspace/build/guidance_planner
[87.588s] Level 1:colcon.colcon_core.environment:create_environment_scripts_only(guidance_planner)
[87.588s] Level 1:colcon.colcon_core.environment:checking '/workspace/install/RelWithDebInfo/guidance_planner' for CMake module files
[87.589s] DEBUG:colcon.colcon_core.event_handler.log_command:Invoked command in '/workspace/build/guidance_planner' returned '0': AMENT_PREFIX_PATH=/workspace/install/RelWithDebInfo/ros_tools:${AMENT_PREFIX_PATH} CMAKE_PREFIX_PATH=/workspace/install/RelWithDebInfo/ros_tools:/opt/ros/humble LD_LIBRARY_PATH=/workspace/install/RelWithDebInfo/ros_tools/lib:${LD_LIBRARY_PATH} /usr/bin/cmake --install /workspace/build/guidance_planner
[87.589s] Level 1:colcon.colcon_core.environment:checking '/workspace/install/RelWithDebInfo/guidance_planner' for CMake config files
[87.589s] Level 1:colcon.colcon_core.shell:create_environment_hook('guidance_planner', 'cmake_prefix_path')
[87.589s] INFO:colcon.colcon_core.shell:Creating environment hook '/workspace/install/RelWithDebInfo/guidance_planner/share/guidance_planner/hook/cmake_prefix_path.ps1'
[87.590s] INFO:colcon.colcon_core.shell:Creating environment descriptor '/workspace/install/RelWithDebInfo/guidance_planner/share/guidance_planner/hook/cmake_prefix_path.dsv'
[87.590s] INFO:colcon.colcon_core.shell:Creating environment hook '/workspace/install/RelWithDebInfo/guidance_planner/share/guidance_planner/hook/cmake_prefix_path.sh'
[87.591s] Level 1:colcon.colcon_core.environment:checking '/workspace/install/RelWithDebInfo/guidance_planner/lib'
[87.591s] Level 1:colcon.colcon_core.shell:create_environment_hook('guidance_planner', 'ld_library_path_lib')
[87.591s] INFO:colcon.colcon_core.shell:Creating environment hook '/workspace/install/RelWithDebInfo/guidance_planner/share/guidance_planner/hook/ld_library_path_lib.ps1'
[87.591s] INFO:colcon.colcon_core.shell:Creating environment descriptor '/workspace/install/RelWithDebInfo/guidance_planner/share/guidance_planner/hook/ld_library_path_lib.dsv'
[87.592s] INFO:colcon.colcon_core.shell:Creating environment hook '/workspace/install/RelWithDebInfo/guidance_planner/share/guidance_planner/hook/ld_library_path_lib.sh'
[87.592s] Level 1:colcon.colcon_core.environment:checking '/workspace/install/RelWithDebInfo/guidance_planner/bin'
[87.592s] Level 1:colcon.colcon_core.environment:checking '/workspace/install/RelWithDebInfo/guidance_planner/lib/pkgconfig/guidance_planner.pc'
[87.593s] Level 1:colcon.colcon_core.environment:checking '/workspace/install/RelWithDebInfo/guidance_planner/lib/python3.10/site-packages'
[87.593s] Level 1:colcon.colcon_core.environment:checking '/workspace/install/RelWithDebInfo/guidance_planner/bin'
[87.593s] INFO:colcon.colcon_core.shell:Creating package script '/workspace/install/RelWithDebInfo/guidance_planner/share/guidance_planner/package.ps1'
[87.594s] INFO:colcon.colcon_core.shell:Creating package descriptor '/workspace/install/RelWithDebInfo/guidance_planner/share/guidance_planner/package.dsv'
[87.594s] INFO:colcon.colcon_core.shell:Creating package script '/workspace/install/RelWithDebInfo/guidance_planner/share/guidance_planner/package.sh'
[87.595s] INFO:colcon.colcon_core.shell:Creating package script '/workspace/install/RelWithDebInfo/guidance_planner/share/guidance_planner/package.bash'
[87.595s] INFO:colcon.colcon_core.shell:Creating package script '/workspace/install/RelWithDebInfo/guidance_planner/share/guidance_planner/package.zsh'
[87.595s] Level 1:colcon.colcon_core.environment:create_file_with_runtime_dependencies(/workspace/install/RelWithDebInfo/guidance_planner/share/colcon-core/packages/guidance_planner)
[87.596s] Level 1:colcon.colcon_core.environment:create_environment_scripts_only(guidance_planner)
[87.596s] Level 1:colcon.colcon_core.environment:checking '/workspace/install/RelWithDebInfo/guidance_planner' for CMake module files
[87.597s] Level 1:colcon.colcon_core.environment:checking '/workspace/install/RelWithDebInfo/guidance_planner' for CMake config files
[87.597s] Level 1:colcon.colcon_core.shell:create_environment_hook('guidance_planner', 'cmake_prefix_path')
[87.597s] INFO:colcon.colcon_core.shell:Creating environment hook '/workspace/install/RelWithDebInfo/guidance_planner/share/guidance_planner/hook/cmake_prefix_path.ps1'
[87.598s] INFO:colcon.colcon_core.shell:Creating environment descriptor '/workspace/install/RelWithDebInfo/guidance_planner/share/guidance_planner/hook/cmake_prefix_path.dsv'
[87.598s] INFO:colcon.colcon_core.shell:Creating environment hook '/workspace/install/RelWithDebInfo/guidance_planner/share/guidance_planner/hook/cmake_prefix_path.sh'
[87.599s] Level 1:colcon.colcon_core.environment:checking '/workspace/install/RelWithDebInfo/guidance_planner/lib'
[87.599s] Level 1:colcon.colcon_core.shell:create_environment_hook('guidance_planner', 'ld_library_path_lib')
[87.599s] INFO:colcon.colcon_core.shell:Creating environment hook '/workspace/install/RelWithDebInfo/guidance_planner/share/guidance_planner/hook/ld_library_path_lib.ps1'
[87.599s] INFO:colcon.colcon_core.shell:Creating environment descriptor '/workspace/install/RelWithDebInfo/guidance_planner/share/guidance_planner/hook/ld_library_path_lib.dsv'
[87.600s] INFO:colcon.colcon_core.shell:Creating environment hook '/workspace/install/RelWithDebInfo/guidance_planner/share/guidance_planner/hook/ld_library_path_lib.sh'
[87.600s] Level 1:colcon.colcon_core.environment:checking '/workspace/install/RelWithDebInfo/guidance_planner/bin'
[87.600s] Level 1:colcon.colcon_core.environment:checking '/workspace/install/RelWithDebInfo/guidance_planner/lib/pkgconfig/guidance_planner.pc'
[87.601s] Level 1:colcon.colcon_core.environment:checking '/workspace/install/RelWithDebInfo/guidance_planner/lib/python3.10/site-packages'
[87.601s] Level 1:colcon.colcon_core.environment:checking '/workspace/install/RelWithDebInfo/guidance_planner/bin'
[87.601s] INFO:colcon.colcon_core.shell:Creating package script '/workspace/install/RelWithDebInfo/guidance_planner/share/guidance_planner/package.ps1'
[87.602s] INFO:colcon.colcon_core.shell:Creating package descriptor '/workspace/install/RelWithDebInfo/guidance_planner/share/guidance_planner/package.dsv'
[87.602s] INFO:colcon.colcon_core.shell:Creating package script '/workspace/install/RelWithDebInfo/guidance_planner/share/guidance_planner/package.sh'
[87.603s] INFO:colcon.colcon_core.shell:Creating package script '/workspace/install/RelWithDebInfo/guidance_planner/share/guidance_planner/package.bash'
[87.603s] INFO:colcon.colcon_core.shell:Creating package script '/workspace/install/RelWithDebInfo/guidance_planner/share/guidance_planner/package.zsh'
[87.604s] Level 1:colcon.colcon_core.environment:create_file_with_runtime_dependencies(/workspace/install/RelWithDebInfo/guidance_planner/share/colcon-core/packages/guidance_planner)
[87.604s] DEBUG:colcon.colcon_parallel_executor.executor.parallel:closing loop
[87.604s] DEBUG:colcon.colcon_parallel_executor.executor.parallel:loop closed
[87.604s] DEBUG:colcon.colcon_parallel_executor.executor.parallel:run_until_complete finished with '0'
[87.605s] DEBUG:colcon.colcon_core.event_reactor:joining thread
[87.621s] INFO:colcon.colcon_core.plugin_system:Skipping extension 'colcon_notification.desktop_notification.notify_send': Could not find 'notify-send'
[87.621s] INFO:colcon.colcon_core.plugin_system:Skipping extension 'colcon_notification.desktop_notification.terminal_notifier': Not used on non-Darwin systems
[87.621s] INFO:colcon.colcon_core.plugin_system:Skipping extension 'colcon_notification.desktop_notification.win32': Not used on non-Windows systems
[87.621s] INFO:colcon.colcon_notification.desktop_notification:Sending desktop notification using 'notify2'
[87.626s] DEBUG:colcon.colcon_notification.desktop_notification.notify2:Failed to initialize notify2: org.freedesktop.DBus.Error.Spawn.ExecFailed: /usr/bin/dbus-launch terminated abnormally without any error message
[87.627s] DEBUG:colcon.colcon_core.event_reactor:joined thread
[87.628s] INFO:colcon.colcon_core.shell:Creating prefix script '/workspace/install/RelWithDebInfo/local_setup.ps1'
[87.630s] INFO:colcon.colcon_core.shell:Creating prefix util module '/workspace/install/RelWithDebInfo/_local_setup_util_ps1.py'
[87.633s] INFO:colcon.colcon_core.shell:Creating prefix chain script '/workspace/install/RelWithDebInfo/setup.ps1'
[87.635s] INFO:colcon.colcon_core.shell:Creating prefix script '/workspace/install/RelWithDebInfo/local_setup.sh'
[87.637s] INFO:colcon.colcon_core.shell:Creating prefix util module '/workspace/install/RelWithDebInfo/_local_setup_util_sh.py'
[87.638s] INFO:colcon.colcon_core.shell:Creating prefix chain script '/workspace/install/RelWithDebInfo/setup.sh'
[87.640s] INFO:colcon.colcon_core.shell:Creating prefix script '/workspace/install/RelWithDebInfo/local_setup.bash'
[87.641s] INFO:colcon.colcon_core.shell:Creating prefix chain script '/workspace/install/RelWithDebInfo/setup.bash'
[87.642s] INFO:colcon.colcon_core.shell:Creating prefix script '/workspace/install/RelWithDebInfo/local_setup.zsh'
[87.643s] INFO:colcon.colcon_core.shell:Creating prefix chain script '/workspace/install/RelWithDebInfo/setup.zsh'
