[0.016s] Invoking command in '/workspace/build/ros_tools': CMAKE_PREFIX_PATH=${CMAKE_PREFIX_PATH}:/opt/ros/humble /usr/bin/cmake /workspace/src/ros_tools -DCMAKE_BUILD_TYPE=RelWithDebInfo -DPYTHON_VERSION=3 -DCMAKE_INSTALL_PREFIX=/workspace/install/RelWithDebInfo/ros_tools
[0.120s] -- The C compiler identification is GNU 11.4.0
[0.201s] -- The CXX compiler identification is GNU 11.4.0
[0.211s] -- Detecting C compiler ABI info
[0.308s] -- Detecting C compiler ABI info - done
[0.327s] -- Check for working C compiler: /usr/bin/cc - skipped
[0.327s] -- Detecting C compile features
[0.328s] -- Detecting C compile features - done
[0.334s] -- Detecting CXX compiler ABI info
[0.470s] -- Detecting CXX compiler ABI info - done
[0.483s] -- Check for working CXX compiler: /usr/bin/c++ - skipped
[0.483s] -- Detecting CXX compile features
[0.484s] -- Detecting CXX compile features - done
[0.490s] -- Found ament_cmake: 1.3.11 (/opt/ros/humble/share/ament_cmake/cmake)
[1.091s] -- Found Python3: /usr/bin/python3 (found version "3.10.12") found components: Interpreter 
[1.265s] -- Found rclcpp: 16.0.12 (/opt/ros/humble/share/rclcpp/cmake)
[1.340s] -- Found rosidl_generator_c: 3.1.6 (/opt/ros/humble/share/rosidl_generator_c/cmake)
[1.350s] -- Found rosidl_adapter: 3.1.6 (/opt/ros/humble/share/rosidl_adapter/cmake)
[1.365s] -- Found rosidl_generator_cpp: 3.1.6 (/opt/ros/humble/share/rosidl_generator_cpp/cmake)
[1.385s] -- Using all available rosidl_typesupport_c: rosidl_typesupport_fastrtps_c;rosidl_typesupport_introspection_c
[1.409s] -- Using all available rosidl_typesupport_cpp: rosidl_typesupport_fastrtps_cpp;rosidl_typesupport_introspection_cpp
[1.492s] -- Found rmw_implementation_cmake: 6.1.2 (/opt/ros/humble/share/rmw_implementation_cmake/cmake)
[1.496s] -- Found rmw_fastrtps_cpp: 6.2.7 (/opt/ros/humble/share/rmw_fastrtps_cpp/cmake)
[1.636s] -- Found OpenSSL: /usr/lib/x86_64-linux-gnu/libcrypto.so (found version "3.0.2")  
[1.680s] -- Found FastRTPS: /opt/ros/humble/include  
[1.783s] -- Using RMW implementation 'rmw_fastrtps_cpp' as default
[1.821s] -- Looking for pthread.h
[2.044s] -- Looking for pthread.h - found
[2.047s] -- Performing Test CMAKE_HAVE_LIBC_PTHREAD
[2.371s] -- Performing Test CMAKE_HAVE_LIBC_PTHREAD - Success
[2.371s] -- Found Threads: TRUE  
[2.652s] -- Found geometry_msgs: 4.9.0 (/opt/ros/humble/share/geometry_msgs/cmake)
[2.890s] -- Found visualization_msgs: 4.9.0 (/opt/ros/humble/share/visualization_msgs/cmake)
[3.361s] -- Found tf2: 0.25.13 (/opt/ros/humble/share/tf2/cmake)
[3.425s] -- Found tf2_ros: 0.25.13 (/opt/ros/humble/share/tf2_ros/cmake)
[3.747s] -- Found eigen3_cmake_module: 0.1.1 (/opt/ros/humble/share/eigen3_cmake_module/cmake)
[3.750s] -- Found Eigen3: TRUE (found version "3.4.0") 
[4.131s] -- Configuring done
[4.294s] -- Generating done
[4.310s] [33mCMake Warning:
[4.311s]   Manually-specified variables were not used by the project:
[4.311s] 
[4.312s]     PYTHON_VERSION
[4.312s] 
[4.313s] [0m
[4.346s] -- Build files have been written to: /workspace/build/ros_tools
[4.481s] Invoked command in '/workspace/build/ros_tools' returned '0': CMAKE_PREFIX_PATH=${CMAKE_PREFIX_PATH}:/opt/ros/humble /usr/bin/cmake /workspace/src/ros_tools -DCMAKE_BUILD_TYPE=RelWithDebInfo -DPYTHON_VERSION=3 -DCMAKE_INSTALL_PREFIX=/workspace/install/RelWithDebInfo/ros_tools
[4.484s] Invoking command in '/workspace/build/ros_tools': CMAKE_PREFIX_PATH=${CMAKE_PREFIX_PATH}:/opt/ros/humble /usr/bin/cmake --build /workspace/build/ros_tools -- -j12 -l12
[4.813s] [ 10%] [32mBuilding CXX object CMakeFiles/ros_tools.dir/src/ros_visuals.cpp.o[0m
[4.816s] [ 20%] [32mBuilding CXX object CMakeFiles/ros_tools.dir/src/convertions.cpp.o[0m
[4.853s] [ 30%] [32mBuilding CXX object CMakeFiles/ros_tools.dir/src/spline.cpp.o[0m
[4.853s] [ 40%] [32mBuilding CXX object CMakeFiles/ros_tools.dir/src/profiling.cpp.o[0m
[4.853s] [ 60%] [32mBuilding CXX object CMakeFiles/ros_tools.dir/src/data_saver.cpp.o[0m
[4.854s] [ 70%] [32mBuilding CXX object CMakeFiles/ros_tools.dir/src/math.cpp.o[0m
[4.854s] [ 80%] [32mBuilding CXX object CMakeFiles/ros_tools.dir/src/third_party/clothoid.cpp.o[0m
[4.854s] [ 90%] [32mBuilding CXX object CMakeFiles/ros_tools.dir/src/third_party/tkspline.cpp.o[0m
[4.854s] [ 90%] [32mBuilding CXX object CMakeFiles/ros_tools.dir/src/random_generator.cpp.o[0m
[34.734s] [100%] [32m[1mLinking CXX shared library libros_tools.so[0m
[35.727s] [100%] Built target ros_tools
[35.774s] Invoked command in '/workspace/build/ros_tools' returned '0': CMAKE_PREFIX_PATH=${CMAKE_PREFIX_PATH}:/opt/ros/humble /usr/bin/cmake --build /workspace/build/ros_tools -- -j12 -l12
[35.822s] Invoking command in '/workspace/build/ros_tools': CMAKE_PREFIX_PATH=${CMAKE_PREFIX_PATH}:/opt/ros/humble /usr/bin/cmake --install /workspace/build/ros_tools
[35.851s] -- Install configuration: "RelWithDebInfo"
[35.851s] -- Installing: /workspace/install/RelWithDebInfo/ros_tools/lib/libros_tools.so
[35.873s] -- Set runtime path of "/workspace/install/RelWithDebInfo/ros_tools/lib/libros_tools.so" to ""
[35.874s] -- Installing: /workspace/install/RelWithDebInfo/ros_tools/include//ros_tools
[35.875s] -- Installing: /workspace/install/RelWithDebInfo/ros_tools/include//ros_tools/data_saver.h
[35.876s] -- Installing: /workspace/install/RelWithDebInfo/ros_tools/include//ros_tools/logging.h
[35.876s] -- Installing: /workspace/install/RelWithDebInfo/ros_tools/include//ros_tools/profiling.h
[35.877s] -- Installing: /workspace/install/RelWithDebInfo/ros_tools/include//ros_tools/paths.h
[35.878s] -- Installing: /workspace/install/RelWithDebInfo/ros_tools/include//ros_tools/random_generator.h
[35.878s] -- Installing: /workspace/install/RelWithDebInfo/ros_tools/include//ros_tools/ros2_wrappers.h
[35.879s] -- Installing: /workspace/install/RelWithDebInfo/ros_tools/include//ros_tools/base_configuration.h
[35.880s] -- Installing: /workspace/install/RelWithDebInfo/ros_tools/include//ros_tools/projection.h
[35.880s] -- Installing: /workspace/install/RelWithDebInfo/ros_tools/include//ros_tools/visuals.h
[35.881s] -- Installing: /workspace/install/RelWithDebInfo/ros_tools/include//ros_tools/convertions.h
[35.881s] -- Installing: /workspace/install/RelWithDebInfo/ros_tools/include//ros_tools/spline.h
[35.882s] -- Installing: /workspace/install/RelWithDebInfo/ros_tools/include//ros_tools/math.h
[35.882s] -- Installing: /workspace/install/RelWithDebInfo/ros_tools/include//ros_tools/ros_visuals.h
[35.883s] -- Installing: /workspace/install/RelWithDebInfo/ros_tools/include/third_party/
[35.884s] -- Installing: /workspace/install/RelWithDebInfo/ros_tools/include/third_party//tkspline.h
[35.885s] -- Installing: /workspace/install/RelWithDebInfo/ros_tools/include/third_party//clothoid.h
[35.885s] -- Installing: /workspace/install/RelWithDebInfo/ros_tools/share/ros_tools/models
[35.887s] -- Installing: /workspace/install/RelWithDebInfo/ros_tools/share/ros_tools/models/walking.dae
[35.895s] -- Installing: /workspace/install/RelWithDebInfo/ros_tools/share/ros_tools/environment/library_path.sh
[35.896s] -- Installing: /workspace/install/RelWithDebInfo/ros_tools/share/ros_tools/environment/library_path.dsv
[35.897s] -- Installing: /workspace/install/RelWithDebInfo/ros_tools/share/ament_index/resource_index/package_run_dependencies/ros_tools
[35.900s] -- Installing: /workspace/install/RelWithDebInfo/ros_tools/share/ament_index/resource_index/parent_prefix_path/ros_tools
[35.901s] -- Installing: /workspace/install/RelWithDebInfo/ros_tools/share/ros_tools/environment/ament_prefix_path.sh
[35.901s] -- Installing: /workspace/install/RelWithDebInfo/ros_tools/share/ros_tools/environment/ament_prefix_path.dsv
[35.901s] -- Installing: /workspace/install/RelWithDebInfo/ros_tools/share/ros_tools/environment/path.sh
[35.901s] -- Installing: /workspace/install/RelWithDebInfo/ros_tools/share/ros_tools/environment/path.dsv
[35.901s] -- Installing: /workspace/install/RelWithDebInfo/ros_tools/share/ros_tools/local_setup.bash
[35.901s] -- Installing: /workspace/install/RelWithDebInfo/ros_tools/share/ros_tools/local_setup.sh
[35.902s] -- Installing: /workspace/install/RelWithDebInfo/ros_tools/share/ros_tools/local_setup.zsh
[35.902s] -- Installing: /workspace/install/RelWithDebInfo/ros_tools/share/ros_tools/local_setup.dsv
[35.903s] -- Installing: /workspace/install/RelWithDebInfo/ros_tools/share/ros_tools/package.dsv
[35.904s] -- Installing: /workspace/install/RelWithDebInfo/ros_tools/share/ament_index/resource_index/packages/ros_tools
[35.905s] -- Installing: /workspace/install/RelWithDebInfo/ros_tools/share/ros_tools/cmake/export_ros_toolsExport.cmake
[35.907s] -- Installing: /workspace/install/RelWithDebInfo/ros_tools/share/ros_tools/cmake/export_ros_toolsExport-relwithdebinfo.cmake
[35.907s] -- Installing: /workspace/install/RelWithDebInfo/ros_tools/share/ros_tools/cmake/ament_cmake_export_targets-extras.cmake
[35.907s] -- Installing: /workspace/install/RelWithDebInfo/ros_tools/share/ros_tools/cmake/ament_cmake_export_dependencies-extras.cmake
[35.908s] -- Installing: /workspace/install/RelWithDebInfo/ros_tools/share/ros_tools/cmake/ros_toolsConfig.cmake
[35.908s] -- Installing: /workspace/install/RelWithDebInfo/ros_tools/share/ros_tools/cmake/ros_toolsConfig-version.cmake
[35.908s] -- Installing: /workspace/install/RelWithDebInfo/ros_tools/share/ros_tools/package.xml
[35.916s] Invoked command in '/workspace/build/ros_tools' returned '0': CMAKE_PREFIX_PATH=${CMAKE_PREFIX_PATH}:/opt/ros/humble /usr/bin/cmake --install /workspace/build/ros_tools
