-- The C compiler identification is GNU 11.4.0
-- The CXX compiler identification is GNU 11.4.0
-- Detecting C compiler ABI info
-- Detecting C compiler ABI info - done
-- Check for working C compiler: /usr/bin/cc - skipped
-- Detecting C compile features
-- Detecting C compile features - done
-- Detecting CXX compiler ABI info
-- Detecting CXX compiler ABI info - done
-- Check for working CXX compiler: /usr/bin/c++ - skipped
-- Detecting CXX compile features
-- Detecting CXX compile features - done
-- Found OpenMP_C: -fopenmp (found version "4.5") 
-- Found OpenMP_CXX: -fopenmp (found version "4.5") 
-- Found OpenMP: TRUE (found version "4.5")  
-- Found PkgConfig: /usr/bin/pkg-config (found version "0.29.2") 
-- Checking for module 'gsl'
--   Found gsl, version 2.7.1
-- Found ament_cmake: 1.3.11 (/opt/ros/humble/share/ament_cmake/cmake)
-- Found Python3: /usr/bin/python3 (found version "3.10.12") found components: Interpreter 
-- Found rclcpp: 16.0.12 (/opt/ros/humble/share/rclcpp/cmake)
-- Found rosidl_generator_c: 3.1.6 (/opt/ros/humble/share/rosidl_generator_c/cmake)
-- Found rosidl_adapter: 3.1.6 (/opt/ros/humble/share/rosidl_adapter/cmake)
-- Found rosidl_generator_cpp: 3.1.6 (/opt/ros/humble/share/rosidl_generator_cpp/cmake)
-- Using all available rosidl_typesupport_c: rosidl_typesupport_fastrtps_c;rosidl_typesupport_introspection_c
-- Using all available rosidl_typesupport_cpp: rosidl_typesupport_fastrtps_cpp;rosidl_typesupport_introspection_cpp
-- Found rmw_implementation_cmake: 6.1.2 (/opt/ros/humble/share/rmw_implementation_cmake/cmake)
-- Found rmw_fastrtps_cpp: 6.2.7 (/opt/ros/humble/share/rmw_fastrtps_cpp/cmake)
-- Found OpenSSL: /usr/lib/x86_64-linux-gnu/libcrypto.so (found version "3.0.2")  
-- Found FastRTPS: /opt/ros/humble/include  
-- Using RMW implementation 'rmw_fastrtps_cpp' as default
-- Looking for pthread.h
-- Looking for pthread.h - found
-- Performing Test CMAKE_HAVE_LIBC_PTHREAD
-- Performing Test CMAKE_HAVE_LIBC_PTHREAD - Success
-- Found Threads: TRUE  
-- Found ros_tools: 1.0.0 (/workspace/install/RelWithDebInfo/ros_tools/share/ros_tools/cmake)
-- Configuring done
-- Generating done
[33mCMake Warning:
  Manually-specified variables were not used by the project:

    PYTHON_VERSION

[0m
-- Build files have been written to: /workspace/build/guidance_planner
[  5%] [32mBuilding CXX object CMakeFiles/guidance_planner_homotopy.dir/src/homotopy_comparison/uvd.cpp.o[0m
[ 10%] [32mBuilding CXX object CMakeFiles/guidance_planner_homotopy.dir/src/homotopy_comparison/homology.cpp.o[0m
[ 15%] [32mBuilding CXX object CMakeFiles/guidance_planner_homotopy.dir/src/homotopy_comparison/winding_angle.cpp.o[0m
[ 20%] [32m[1mLinking CXX shared library libguidance_planner_homotopy.so[0m
[ 20%] Built target guidance_planner_homotopy
[ 30%] [32mBuilding CXX object CMakeFiles/guidance_planner.dir/src/global_guidance.cpp.o[0m
[ 30%] [32mBuilding CXX object CMakeFiles/guidance_planner.dir/src/graph.cpp.o[0m
[ 35%] [32mBuilding CXX object CMakeFiles/guidance_planner.dir/src/config.cpp.o[0m
[ 40%] [32mBuilding CXX object CMakeFiles/guidance_planner.dir/src/types/types.cpp.o[0m
[ 45%] [32mBuilding CXX object CMakeFiles/guidance_planner.dir/src/prm.cpp.o[0m
[ 50%] [32mBuilding CXX object CMakeFiles/guidance_planner.dir/src/types/connection.cpp.o[0m
[ 60%] [32mBuilding CXX object CMakeFiles/guidance_planner.dir/src/types/paths.cpp.o[0m
[ 55%] [32mBuilding CXX object CMakeFiles/guidance_planner.dir/src/graph_search.cpp.o[0m
[ 65%] [32mBuilding CXX object CMakeFiles/guidance_planner.dir/src/types/node.cpp.o[0m
[ 70%] [32mBuilding CXX object CMakeFiles/guidance_planner.dir/src/sampler.cpp.o[0m
[ 75%] [32mBuilding CXX object CMakeFiles/guidance_planner.dir/src/cubic_spline.cpp.o[0m
[ 80%] [32mBuilding CXX object CMakeFiles/guidance_planner.dir/src/environment.cpp.o[0m
[ 85%] [32mBuilding CXX object CMakeFiles/guidance_planner.dir/src/third_party/dubins.cpp.o[0m
[ 90%] [32m[1mLinking CXX shared library libguidance_planner.so[0m
[ 90%] Built target guidance_planner
[ 95%] [32mBuilding CXX object CMakeFiles/example.dir/src/ros2_example.cpp.o[0m
[100%] [32m[1mLinking CXX executable example[0m
[100%] Built target example
-- Install configuration: "RelWithDebInfo"
-- Installing: /workspace/install/RelWithDebInfo/guidance_planner/lib/libguidance_planner_homotopy.so
-- Set runtime path of "/workspace/install/RelWithDebInfo/guidance_planner/lib/libguidance_planner_homotopy.so" to ""
-- Installing: /workspace/install/RelWithDebInfo/guidance_planner/lib/libguidance_planner.so
-- Set runtime path of "/workspace/install/RelWithDebInfo/guidance_planner/lib/libguidance_planner.so" to ""
-- Installing: /workspace/install/RelWithDebInfo/guidance_planner/lib/guidance_planner/example
-- Set runtime path of "/workspace/install/RelWithDebInfo/guidance_planner/lib/guidance_planner/example" to ""
-- Installing: /workspace/install/RelWithDebInfo/guidance_planner/include/guidance_planner
-- Installing: /workspace/install/RelWithDebInfo/guidance_planner/include/guidance_planner/guidance_planner
-- Installing: /workspace/install/RelWithDebInfo/guidance_planner/include/guidance_planner/guidance_planner/homotopy_comparison
-- Installing: /workspace/install/RelWithDebInfo/guidance_planner/include/guidance_planner/guidance_planner/homotopy_comparison/homotopy_comparison.h
-- Installing: /workspace/install/RelWithDebInfo/guidance_planner/include/guidance_planner/guidance_planner/homotopy_comparison/winding_angle.h
-- Installing: /workspace/install/RelWithDebInfo/guidance_planner/include/guidance_planner/guidance_planner/homotopy_comparison/uvd.h
-- Installing: /workspace/install/RelWithDebInfo/guidance_planner/include/guidance_planner/guidance_planner/homotopy_comparison/homology.h
-- Installing: /workspace/install/RelWithDebInfo/guidance_planner/include/guidance_planner/guidance_planner/reconfigure.h
-- Installing: /workspace/install/RelWithDebInfo/guidance_planner/include/guidance_planner/guidance_planner/global_guidance.h
-- Installing: /workspace/install/RelWithDebInfo/guidance_planner/include/guidance_planner/guidance_planner/types
-- Installing: /workspace/install/RelWithDebInfo/guidance_planner/include/guidance_planner/guidance_planner/types/node.h
-- Installing: /workspace/install/RelWithDebInfo/guidance_planner/include/guidance_planner/guidance_planner/types/paths.h
-- Installing: /workspace/install/RelWithDebInfo/guidance_planner/include/guidance_planner/guidance_planner/types/space_time_point.h
-- Installing: /workspace/install/RelWithDebInfo/guidance_planner/include/guidance_planner/guidance_planner/types/type_define.h
-- Installing: /workspace/install/RelWithDebInfo/guidance_planner/include/guidance_planner/guidance_planner/types/types.h
-- Installing: /workspace/install/RelWithDebInfo/guidance_planner/include/guidance_planner/guidance_planner/types/connection.h
-- Installing: /workspace/install/RelWithDebInfo/guidance_planner/include/guidance_planner/guidance_planner/third_party
-- Installing: /workspace/install/RelWithDebInfo/guidance_planner/include/guidance_planner/guidance_planner/third_party/dubins.h
-- Installing: /workspace/install/RelWithDebInfo/guidance_planner/include/guidance_planner/guidance_planner/config.h
-- Installing: /workspace/install/RelWithDebInfo/guidance_planner/include/guidance_planner/guidance_planner/environment.h
-- Installing: /workspace/install/RelWithDebInfo/guidance_planner/include/guidance_planner/guidance_planner/graph.h
-- Installing: /workspace/install/RelWithDebInfo/guidance_planner/include/guidance_planner/guidance_planner/prm.h
-- Installing: /workspace/install/RelWithDebInfo/guidance_planner/include/guidance_planner/guidance_planner/learning_guidance.h
-- Installing: /workspace/install/RelWithDebInfo/guidance_planner/include/guidance_planner/guidance_planner/utils.h
-- Installing: /workspace/install/RelWithDebInfo/guidance_planner/include/guidance_planner/guidance_planner/sampler.h
-- Installing: /workspace/install/RelWithDebInfo/guidance_planner/include/guidance_planner/guidance_planner/cubic_spline.h
-- Installing: /workspace/install/RelWithDebInfo/guidance_planner/include/guidance_planner/guidance_planner/learning_types.h
-- Installing: /workspace/install/RelWithDebInfo/guidance_planner/include/guidance_planner/guidance_planner/graph_search.h
-- Installing: /workspace/install/RelWithDebInfo/guidance_planner/share/guidance_planner/launch
-- Installing: /workspace/install/RelWithDebInfo/guidance_planner/share/guidance_planner/launch/ros2_example.launch
-- Installing: /workspace/install/RelWithDebInfo/guidance_planner/share/guidance_planner/launch/ros1_example.launch
-- Installing: /workspace/install/RelWithDebInfo/guidance_planner/share/guidance_planner/launch/guidance_server.launch
-- Installing: /workspace/install/RelWithDebInfo/guidance_planner/share/guidance_planner/config
-- Installing: /workspace/install/RelWithDebInfo/guidance_planner/share/guidance_planner/config/ros2_params.yaml
-- Installing: /workspace/install/RelWithDebInfo/guidance_planner/share/guidance_planner/config/params.yaml
-- Installing: /workspace/install/RelWithDebInfo/guidance_planner/share/guidance_planner/rviz
-- Installing: /workspace/install/RelWithDebInfo/guidance_planner/share/guidance_planner/rviz/ros1_clean.rviz
-- Installing: /workspace/install/RelWithDebInfo/guidance_planner/share/guidance_planner/rviz/ros1_example.rviz
-- Installing: /workspace/install/RelWithDebInfo/guidance_planner/share/guidance_planner/rviz/ros2_example.rviz
-- Installing: /workspace/install/RelWithDebInfo/guidance_planner/share/guidance_planner/environment/library_path.sh
-- Installing: /workspace/install/RelWithDebInfo/guidance_planner/share/guidance_planner/environment/library_path.dsv
-- Installing: /workspace/install/RelWithDebInfo/guidance_planner/share/ament_index/resource_index/package_run_dependencies/guidance_planner
-- Installing: /workspace/install/RelWithDebInfo/guidance_planner/share/ament_index/resource_index/parent_prefix_path/guidance_planner
-- Installing: /workspace/install/RelWithDebInfo/guidance_planner/share/guidance_planner/environment/ament_prefix_path.sh
-- Installing: /workspace/install/RelWithDebInfo/guidance_planner/share/guidance_planner/environment/ament_prefix_path.dsv
-- Installing: /workspace/install/RelWithDebInfo/guidance_planner/share/guidance_planner/environment/path.sh
-- Installing: /workspace/install/RelWithDebInfo/guidance_planner/share/guidance_planner/environment/path.dsv
-- Installing: /workspace/install/RelWithDebInfo/guidance_planner/share/guidance_planner/local_setup.bash
-- Installing: /workspace/install/RelWithDebInfo/guidance_planner/share/guidance_planner/local_setup.sh
-- Installing: /workspace/install/RelWithDebInfo/guidance_planner/share/guidance_planner/local_setup.zsh
-- Installing: /workspace/install/RelWithDebInfo/guidance_planner/share/guidance_planner/local_setup.dsv
-- Installing: /workspace/install/RelWithDebInfo/guidance_planner/share/guidance_planner/package.dsv
-- Installing: /workspace/install/RelWithDebInfo/guidance_planner/share/ament_index/resource_index/packages/guidance_planner
-- Installing: /workspace/install/RelWithDebInfo/guidance_planner/share/guidance_planner/cmake/export_guidance_plannerExport.cmake
-- Installing: /workspace/install/RelWithDebInfo/guidance_planner/share/guidance_planner/cmake/export_guidance_plannerExport-relwithdebinfo.cmake
-- Installing: /workspace/install/RelWithDebInfo/guidance_planner/share/guidance_planner/cmake/ament_cmake_export_targets-extras.cmake
-- Installing: /workspace/install/RelWithDebInfo/guidance_planner/share/guidance_planner/cmake/ament_cmake_export_dependencies-extras.cmake
-- Installing: /workspace/install/RelWithDebInfo/guidance_planner/share/guidance_planner/cmake/guidance_plannerConfig.cmake
-- Installing: /workspace/install/RelWithDebInfo/guidance_planner/share/guidance_planner/cmake/guidance_plannerConfig-version.cmake
-- Installing: /workspace/install/RelWithDebInfo/guidance_planner/share/guidance_planner/package.xml
